This file contains any messages produced by compilers while
running configure, to aid debugging if configure makes a mistake.

It was created by libwebp configure 1.2.0, which was
generated by GNU Autoconf 2.69.  Invocation command line was

  $ ./configure --host=aarch64-apple-darwin --build=x86_64-apple-darwin20.4.0 --prefix=/Users/Andrey.Yastrebov/JB/forks/libwebp/xcframeworkbuild/MacOSX-Catalyst-arm64 --disable-shared --enable-static --enable-libwebpdecoder --enable-swap-16bit-csp --enable-libwebpmux CC=clang -arch arm64 CFLAGS=-pipe -isysroot /Applications/Xcode.app/Contents/Developer/Platforms/MacOSX.platform/Developer/SDKs/MacOSX11.1.sdk/ -O3 -DNDEBUG -target arm64-apple-ios13.0-macabi

## --------- ##
## Platform. ##
## --------- ##

hostname = UNIT-1918
uname -m = x86_64
uname -r = 20.4.0
uname -s = Darwin
uname -v = Darwin Kernel Version 20.4.0: Thu Apr 22 21:46:47 PDT 2021; root:xnu-7195.101.2~1/RELEASE_X86_64

/usr/bin/uname -p = i386
/bin/uname -X     = unknown

/bin/arch              = unknown
/usr/bin/arch -k       = unknown
/usr/convex/getsysinfo = unknown
/usr/bin/hostinfo      = Mach kernel version:
	 Darwin Kernel Version 20.4.0: Thu Apr 22 21:46:47 PDT 2021; root:xnu-7195.101.2~1/RELEASE_X86_64
Kernel configured for up to 16 processors.
8 processors are physically available.
16 processors are logically available.
Processor type: x86_64h (Intel x86-64h Haswell)
Processors active: 0 1 2 3 4 5 6 7 8 9 10 11 12 13 14 15
Primary memory available: 32.00 gigabytes
Default processor set: 829 tasks, 3506 threads, 16 processors
Load average: 2.35, Mach factor: 13.64
/bin/machine           = unknown
/usr/bin/oslevel       = unknown
/bin/universe          = unknown

PATH: /Applications/Xcode.app/Contents/Developer/Toolchains/XcodeDefault.xctoolchain/usr/bin
PATH: /Users/Andrey.Yastrebov/.jenv/shims
PATH: /Users/Andrey.Yastrebov/.jenv/bin
PATH: /Users/Andrey.Yastrebov/.pyenv/shims
PATH: /Users/Andrey.Yastrebov/.pyenv/bin
PATH: /Users/Andrey.Yastrebov/.rbenv/shims
PATH: /Users/Andrey.Yastrebov/.rbenv/bin
PATH: /usr/local/sbin
PATH: /usr/local/bin
PATH: /usr/bin
PATH: /bin
PATH: /usr/sbin
PATH: /sbin
PATH: /Library/Apple/usr/bin


## ----------- ##
## Core tests. ##
## ----------- ##

configure:2369: checking build system type
configure:2383: result: x86_64-apple-darwin20.4.0
configure:2403: checking host system type
configure:2416: result: aarch64-apple-darwin
configure:2453: checking for a BSD-compatible install
configure:2521: result: /usr/bin/install -c
configure:2532: checking whether build environment is sane
configure:2587: result: yes
configure:2641: checking for aarch64-apple-darwin-strip
configure:2671: result: no
configure:2681: checking for strip
configure:2697: found /Applications/Xcode.app/Contents/Developer/Toolchains/XcodeDefault.xctoolchain/usr/bin/strip
configure:2708: result: strip
configure:2720: WARNING: using cross tools not prefixed with host triplet
configure:2733: checking for a thread-safe mkdir -p
configure:2772: result: ./install-sh -c -d
configure:2779: checking for gawk
configure:2809: result: no
configure:2779: checking for mawk
configure:2809: result: no
configure:2779: checking for nawk
configure:2809: result: no
configure:2779: checking for awk
configure:2795: found /usr/bin/awk
configure:2806: result: awk
configure:2817: checking whether make sets $(MAKE)
configure:2839: result: yes
configure:2868: checking whether make supports nested variables
configure:2885: result: yes
configure:3016: checking whether make supports the include directive
configure:3031: make -f confmf.GNU && cat confinc.out
this is the am__doit target
configure:3034: $? = 0
configure:3053: result: yes (GNU style)
configure:3083: checking for aarch64-apple-darwin-gcc
configure:3110: result: clang -arch arm64
configure:3379: checking for C compiler version
configure:3388: clang -arch arm64 --version >&5
Apple clang version 12.0.0 (clang-1200.0.32.29)
Target: aarch64-apple-darwin20.4.0
Thread model: posix
InstalledDir: /Applications/Xcode.app/Contents/Developer/Toolchains/XcodeDefault.xctoolchain/usr/bin
configure:3399: $? = 0
configure:3388: clang -arch arm64 -v >&5
Apple clang version 12.0.0 (clang-1200.0.32.29)
Target: aarch64-apple-darwin20.4.0
Thread model: posix
InstalledDir: /Applications/Xcode.app/Contents/Developer/Toolchains/XcodeDefault.xctoolchain/usr/bin
configure:3399: $? = 0
configure:3388: clang -arch arm64 -V >&5
clang: error: argument to '-V' is missing (expected 1 value)
clang: error: no input files
configure:3399: $? = 1
configure:3388: clang -arch arm64 -qversion >&5
clang: error: unknown argument '-qversion'; did you mean '--version'?
clang: error: no input files
configure:3399: $? = 1
configure:3419: checking whether the C compiler works
configure:3441: clang -arch arm64 -pipe -isysroot /Applications/Xcode.app/Contents/Developer/Platforms/MacOSX.platform/Developer/SDKs/MacOSX11.1.sdk/ -O3 -DNDEBUG -target arm64-apple-ios13.0-macabi   conftest.c  >&5
configure:3445: $? = 0
configure:3493: result: yes
configure:3496: checking for C compiler default output file name
configure:3498: result: a.out
configure:3504: checking for suffix of executables
configure:3511: clang -arch arm64 -o conftest -pipe -isysroot /Applications/Xcode.app/Contents/Developer/Platforms/MacOSX.platform/Developer/SDKs/MacOSX11.1.sdk/ -O3 -DNDEBUG -target arm64-apple-ios13.0-macabi   conftest.c  >&5
configure:3515: $? = 0
configure:3537: result: 
configure:3559: checking whether we are cross compiling
configure:3597: result: yes
configure:3602: checking for suffix of object files
configure:3624: clang -arch arm64 -c -pipe -isysroot /Applications/Xcode.app/Contents/Developer/Platforms/MacOSX.platform/Developer/SDKs/MacOSX11.1.sdk/ -O3 -DNDEBUG -target arm64-apple-ios13.0-macabi  conftest.c >&5
configure:3628: $? = 0
configure:3649: result: o
configure:3653: checking whether we are using the GNU C compiler
configure:3672: clang -arch arm64 -c -pipe -isysroot /Applications/Xcode.app/Contents/Developer/Platforms/MacOSX.platform/Developer/SDKs/MacOSX11.1.sdk/ -O3 -DNDEBUG -target arm64-apple-ios13.0-macabi  conftest.c >&5
configure:3672: $? = 0
configure:3681: result: yes
configure:3690: checking whether clang -arch arm64 accepts -g
configure:3710: clang -arch arm64 -c -g  conftest.c >&5
configure:3710: $? = 0
configure:3751: result: yes
configure:3768: checking for clang -arch arm64 option to accept ISO C89
configure:3831: clang -arch arm64  -c -pipe -isysroot /Applications/Xcode.app/Contents/Developer/Platforms/MacOSX.platform/Developer/SDKs/MacOSX11.1.sdk/ -O3 -DNDEBUG -target arm64-apple-ios13.0-macabi  conftest.c >&5
configure:3831: $? = 0
configure:3844: result: none needed
configure:3869: checking whether clang -arch arm64 understands -c and -o together
configure:3891: clang -arch arm64 -c conftest.c -o conftest2.o
configure:3894: $? = 0
configure:3891: clang -arch arm64 -c conftest.c -o conftest2.o
configure:3894: $? = 0
configure:3906: result: yes
configure:3925: checking dependency style of clang -arch arm64
configure:4036: result: gcc3
configure:4057: checking for aarch64-apple-darwin-ar
configure:4087: result: no
configure:4057: checking for aarch64-apple-darwin-lib
configure:4087: result: no
configure:4057: checking for aarch64-apple-darwin-link
configure:4087: result: no
configure:4101: checking for ar
configure:4117: found /Applications/Xcode.app/Contents/Developer/Toolchains/XcodeDefault.xctoolchain/usr/bin/ar
configure:4128: result: ar
configure:4154: checking the archiver (ar) interface
configure:4170: clang -arch arm64 -c -pipe -isysroot /Applications/Xcode.app/Contents/Developer/Platforms/MacOSX.platform/Developer/SDKs/MacOSX11.1.sdk/ -O3 -DNDEBUG -target arm64-apple-ios13.0-macabi  conftest.c >&5
configure:4170: $? = 0
configure:4172: ar cru libconftest.a conftest.o >&5
configure:4175: $? = 0
configure:4203: result: ar
configure:4270: checking how to print strings
configure:4297: result: printf
configure:4318: checking for a sed that does not truncate output
configure:4382: result: /usr/bin/sed
configure:4400: checking for grep that handles long lines and -e
configure:4458: result: /usr/bin/grep
configure:4463: checking for egrep
configure:4525: result: /usr/bin/grep -E
configure:4530: checking for fgrep
configure:4592: result: /usr/bin/grep -F
configure:4627: checking for ld used by clang -arch arm64
configure:4694: result: /Applications/Xcode.app/Contents/Developer/Toolchains/XcodeDefault.xctoolchain/usr/bin/ld
configure:4701: checking if the linker (/Applications/Xcode.app/Contents/Developer/Toolchains/XcodeDefault.xctoolchain/usr/bin/ld) is GNU ld
configure:4716: result: no
configure:4728: checking for BSD- or MS-compatible name lister (nm)
configure:4782: result: no
configure:4796: checking for aarch64-apple-darwin-dumpbin
configure:4826: result: no
configure:4796: checking for aarch64-apple-darwin-link
configure:4826: result: no
configure:4840: checking for dumpbin
configure:4870: result: no
configure:4840: checking for link
configure:4856: found /bin/link
configure:4867: result: link -dump
configure:4912: checking the name lister (nm) interface
configure:4919: clang -arch arm64 -c -pipe -isysroot /Applications/Xcode.app/Contents/Developer/Platforms/MacOSX.platform/Developer/SDKs/MacOSX11.1.sdk/ -O3 -DNDEBUG -target arm64-apple-ios13.0-macabi  conftest.c >&5
configure:4922: nm "conftest.o"
configure:4925: output
0000000000000000 S _some_variable
0000000000000000 t ltmp0
0000000000000000 s ltmp1
configure:4932: result: BSD nm
configure:4935: checking whether ln -s works
configure:4939: result: yes
configure:4947: checking the maximum length of command line arguments
configure:5078: result: 786432
configure:5126: checking how to convert x86_64-apple-darwin20.4.0 file names to aarch64-apple-darwin format
configure:5166: result: func_convert_file_noop
configure:5173: checking how to convert x86_64-apple-darwin20.4.0 file names to toolchain format
configure:5193: result: func_convert_file_noop
configure:5200: checking for /Applications/Xcode.app/Contents/Developer/Toolchains/XcodeDefault.xctoolchain/usr/bin/ld option to reload object files
configure:5207: result: -r
configure:5241: checking for aarch64-apple-darwin-objdump
configure:5271: result: no
configure:5281: checking for objdump
configure:5297: found /Applications/Xcode.app/Contents/Developer/Toolchains/XcodeDefault.xctoolchain/usr/bin/objdump
configure:5308: result: objdump
configure:5340: checking how to recognize dependent libraries
configure:5540: result: pass_all
configure:5585: checking for aarch64-apple-darwin-dlltool
configure:5615: result: no
configure:5625: checking for dlltool
configure:5655: result: no
configure:5685: checking how to associate runtime and link libraries
configure:5712: result: printf %s\n
configure:5728: checking for aarch64-apple-darwin-ar
configure:5755: result: ar
configure:5836: checking for archiver @FILE support
configure:5853: clang -arch arm64 -c -pipe -isysroot /Applications/Xcode.app/Contents/Developer/Platforms/MacOSX.platform/Developer/SDKs/MacOSX11.1.sdk/ -O3 -DNDEBUG -target arm64-apple-ios13.0-macabi  conftest.c >&5
configure:5853: $? = 0
configure:5856: ar cru libconftest.a @conftest.lst >&5
ar: @conftest.lst: No such file or directory
configure:5859: $? = 1
configure:5879: result: no
configure:5897: checking for aarch64-apple-darwin-strip
configure:5924: result: strip
configure:5996: checking for aarch64-apple-darwin-ranlib
configure:6026: result: no
configure:6036: checking for ranlib
configure:6052: found /Applications/Xcode.app/Contents/Developer/Toolchains/XcodeDefault.xctoolchain/usr/bin/ranlib
configure:6063: result: ranlib
configure:6165: checking command to parse nm output from clang -arch arm64 object
configure:6318: clang -arch arm64 -c -pipe -isysroot /Applications/Xcode.app/Contents/Developer/Platforms/MacOSX.platform/Developer/SDKs/MacOSX11.1.sdk/ -O3 -DNDEBUG -target arm64-apple-ios13.0-macabi  conftest.c >&5
configure:6321: $? = 0
configure:6325: nm conftest.o \| sed -n -e 's/^.*[ ]\([BCDEGRST][BCDEGRST]*\)[ ][ ]*\([_A-Za-z][_A-Za-z0-9]*\)$/\1 \2 \2/p' | sed '/ __gnu_lto/d' \> conftest.nm
configure:6328: $? = 0
cannot find nm_test_var in conftest.nm
configure:6318: clang -arch arm64 -c -pipe -isysroot /Applications/Xcode.app/Contents/Developer/Platforms/MacOSX.platform/Developer/SDKs/MacOSX11.1.sdk/ -O3 -DNDEBUG -target arm64-apple-ios13.0-macabi  conftest.c >&5
configure:6321: $? = 0
configure:6325: nm conftest.o \| sed -n -e 's/^.*[ ]\([BCDEGRST][BCDEGRST]*\)[ ][ ]*_\([_A-Za-z][_A-Za-z0-9]*\)$/\1 _\2 \2/p' | sed '/ __gnu_lto/d' \> conftest.nm
configure:6328: $? = 0
configure:6394: clang -arch arm64 -o conftest -pipe -isysroot /Applications/Xcode.app/Contents/Developer/Platforms/MacOSX.platform/Developer/SDKs/MacOSX11.1.sdk/ -O3 -DNDEBUG -target arm64-apple-ios13.0-macabi   conftest.c conftstm.o >&5
configure:6397: $? = 0
configure:6435: result: ok
configure:6482: checking for sysroot
configure:6512: result: no
configure:6519: checking for a working dd
configure:6557: result: /bin/dd
configure:6561: checking how to truncate binary pipes
configure:6576: result: /bin/dd bs=4096 count=1
configure:6865: checking for aarch64-apple-darwin-mt
configure:6895: result: no
configure:6905: checking for mt
configure:6935: result: no
configure:6955: checking if : is a manifest tool
configure:6961: : '-?'
configure:6969: result: no
configure:6985: checking for aarch64-apple-darwin-dsymutil
configure:7015: result: no
configure:7025: checking for dsymutil
configure:7041: found /Applications/Xcode.app/Contents/Developer/Toolchains/XcodeDefault.xctoolchain/usr/bin/dsymutil
configure:7052: result: dsymutil
configure:7077: checking for aarch64-apple-darwin-nmedit
configure:7107: result: no
configure:7117: checking for nmedit
configure:7133: found /Applications/Xcode.app/Contents/Developer/Toolchains/XcodeDefault.xctoolchain/usr/bin/nmedit
configure:7144: result: nmedit
configure:7169: checking for aarch64-apple-darwin-lipo
configure:7199: result: no
configure:7209: checking for lipo
configure:7225: found /Applications/Xcode.app/Contents/Developer/Toolchains/XcodeDefault.xctoolchain/usr/bin/lipo
configure:7236: result: lipo
configure:7261: checking for aarch64-apple-darwin-otool
configure:7291: result: no
configure:7301: checking for otool
configure:7317: found /Applications/Xcode.app/Contents/Developer/Toolchains/XcodeDefault.xctoolchain/usr/bin/otool
configure:7328: result: otool
configure:7353: checking for aarch64-apple-darwin-otool64
configure:7383: result: no
configure:7393: checking for otool64
configure:7423: result: no
configure:7468: checking for -single_module linker flag
clang -arch arm64 -pipe -isysroot /Applications/Xcode.app/Contents/Developer/Platforms/MacOSX.platform/Developer/SDKs/MacOSX11.1.sdk/ -O3 -DNDEBUG -target arm64-apple-ios13.0-macabi  -o libconftest.dylib -dynamiclib -Wl,-single_module conftest.c
configure:7501: result: yes
configure:7504: checking for -exported_symbols_list linker flag
configure:7524: clang -arch arm64 -o conftest -pipe -isysroot /Applications/Xcode.app/Contents/Developer/Platforms/MacOSX.platform/Developer/SDKs/MacOSX11.1.sdk/ -O3 -DNDEBUG -target arm64-apple-ios13.0-macabi   -Wl,-exported_symbols_list,conftest.sym conftest.c  >&5
configure:7524: $? = 0
configure:7534: result: yes
configure:7537: checking for -force_load linker flag
clang -arch arm64 -pipe -isysroot /Applications/Xcode.app/Contents/Developer/Platforms/MacOSX.platform/Developer/SDKs/MacOSX11.1.sdk/ -O3 -DNDEBUG -target arm64-apple-ios13.0-macabi -c -o conftest.o conftest.c
ar cru libconftest.a conftest.o
ranlib libconftest.a
clang -arch arm64 -pipe -isysroot /Applications/Xcode.app/Contents/Developer/Platforms/MacOSX.platform/Developer/SDKs/MacOSX11.1.sdk/ -O3 -DNDEBUG -target arm64-apple-ios13.0-macabi  -o conftest conftest.c -Wl,-force_load,./libconftest.a
configure:7569: result: yes
configure:7641: checking how to run the C preprocessor
configure:7672: clang -arch arm64 -E  conftest.c
configure:7672: $? = 0
configure:7686: clang -arch arm64 -E  conftest.c
conftest.c:11:10: fatal error: 'ac_nonexistent.h' file not found
#include <ac_nonexistent.h>
         ^~~~~~~~~~~~~~~~~~
1 error generated.
configure:7686: $? = 1
configure: failed program was:
| /* confdefs.h */
| #define PACKAGE_NAME "libwebp"
| #define PACKAGE_TARNAME "libwebp"
| #define PACKAGE_VERSION "1.2.0"
| #define PACKAGE_STRING "libwebp 1.2.0"
| #define PACKAGE_BUGREPORT "https://bugs.chromium.org/p/webp"
| #define PACKAGE_URL "http://developers.google.com/speed/webp"
| #define PACKAGE "libwebp"
| #define VERSION "1.2.0"
| /* end confdefs.h.  */
| #include <ac_nonexistent.h>
configure:7711: result: clang -arch arm64 -E
configure:7731: clang -arch arm64 -E  conftest.c
configure:7731: $? = 0
configure:7745: clang -arch arm64 -E  conftest.c
conftest.c:11:10: fatal error: 'ac_nonexistent.h' file not found
#include <ac_nonexistent.h>
         ^~~~~~~~~~~~~~~~~~
1 error generated.
configure:7745: $? = 1
configure: failed program was:
| /* confdefs.h */
| #define PACKAGE_NAME "libwebp"
| #define PACKAGE_TARNAME "libwebp"
| #define PACKAGE_VERSION "1.2.0"
| #define PACKAGE_STRING "libwebp 1.2.0"
| #define PACKAGE_BUGREPORT "https://bugs.chromium.org/p/webp"
| #define PACKAGE_URL "http://developers.google.com/speed/webp"
| #define PACKAGE "libwebp"
| #define VERSION "1.2.0"
| /* end confdefs.h.  */
| #include <ac_nonexistent.h>
configure:7774: checking for ANSI C header files
configure:7794: clang -arch arm64 -c -pipe -isysroot /Applications/Xcode.app/Contents/Developer/Platforms/MacOSX.platform/Developer/SDKs/MacOSX11.1.sdk/ -O3 -DNDEBUG -target arm64-apple-ios13.0-macabi  conftest.c >&5
configure:7794: $? = 0
conftest.c:11:10: fatal error: 'string.h' file not found
#include <string.h>
         ^~~~~~~~~~
1 error generated.
configure:7878: result: no
configure:7891: checking for sys/types.h
configure:7891: clang -arch arm64 -c -pipe -isysroot /Applications/Xcode.app/Contents/Developer/Platforms/MacOSX.platform/Developer/SDKs/MacOSX11.1.sdk/ -O3 -DNDEBUG -target arm64-apple-ios13.0-macabi  conftest.c >&5
configure:7891: $? = 0
configure:7891: result: yes
configure:7891: checking for sys/stat.h
configure:7891: clang -arch arm64 -c -pipe -isysroot /Applications/Xcode.app/Contents/Developer/Platforms/MacOSX.platform/Developer/SDKs/MacOSX11.1.sdk/ -O3 -DNDEBUG -target arm64-apple-ios13.0-macabi  conftest.c >&5
configure:7891: $? = 0
configure:7891: result: yes
configure:7891: checking for stdlib.h
configure:7891: clang -arch arm64 -c -pipe -isysroot /Applications/Xcode.app/Contents/Developer/Platforms/MacOSX.platform/Developer/SDKs/MacOSX11.1.sdk/ -O3 -DNDEBUG -target arm64-apple-ios13.0-macabi  conftest.c >&5
configure:7891: $? = 0
configure:7891: result: yes
configure:7891: checking for string.h
configure:7891: clang -arch arm64 -c -pipe -isysroot /Applications/Xcode.app/Contents/Developer/Platforms/MacOSX.platform/Developer/SDKs/MacOSX11.1.sdk/ -O3 -DNDEBUG -target arm64-apple-ios13.0-macabi  conftest.c >&5
configure:7891: $? = 0
configure:7891: result: yes
configure:7891: checking for memory.h
configure:7891: clang -arch arm64 -c -pipe -isysroot /Applications/Xcode.app/Contents/Developer/Platforms/MacOSX.platform/Developer/SDKs/MacOSX11.1.sdk/ -O3 -DNDEBUG -target arm64-apple-ios13.0-macabi  conftest.c >&5
configure:7891: $? = 0
configure:7891: result: yes
configure:7891: checking for strings.h
configure:7891: clang -arch arm64 -c -pipe -isysroot /Applications/Xcode.app/Contents/Developer/Platforms/MacOSX.platform/Developer/SDKs/MacOSX11.1.sdk/ -O3 -DNDEBUG -target arm64-apple-ios13.0-macabi  conftest.c >&5
configure:7891: $? = 0
configure:7891: result: yes
configure:7891: checking for inttypes.h
configure:7891: clang -arch arm64 -c -pipe -isysroot /Applications/Xcode.app/Contents/Developer/Platforms/MacOSX.platform/Developer/SDKs/MacOSX11.1.sdk/ -O3 -DNDEBUG -target arm64-apple-ios13.0-macabi  conftest.c >&5
configure:7891: $? = 0
configure:7891: result: yes
configure:7891: checking for stdint.h
configure:7891: clang -arch arm64 -c -pipe -isysroot /Applications/Xcode.app/Contents/Developer/Platforms/MacOSX.platform/Developer/SDKs/MacOSX11.1.sdk/ -O3 -DNDEBUG -target arm64-apple-ios13.0-macabi  conftest.c >&5
configure:7891: $? = 0
configure:7891: result: yes
configure:7891: checking for unistd.h
configure:7891: clang -arch arm64 -c -pipe -isysroot /Applications/Xcode.app/Contents/Developer/Platforms/MacOSX.platform/Developer/SDKs/MacOSX11.1.sdk/ -O3 -DNDEBUG -target arm64-apple-ios13.0-macabi  conftest.c >&5
configure:7891: $? = 0
configure:7891: result: yes
configure:7905: checking for dlfcn.h
configure:7905: clang -arch arm64 -c -pipe -isysroot /Applications/Xcode.app/Contents/Developer/Platforms/MacOSX.platform/Developer/SDKs/MacOSX11.1.sdk/ -O3 -DNDEBUG -target arm64-apple-ios13.0-macabi  conftest.c >&5
configure:7905: $? = 0
configure:7905: result: yes
configure:8161: checking for objdir
configure:8176: result: .libs
configure:8440: checking if clang -arch arm64 supports -fno-rtti -fno-exceptions
configure:8458: clang -arch arm64 -c -pipe -isysroot /Applications/Xcode.app/Contents/Developer/Platforms/MacOSX.platform/Developer/SDKs/MacOSX11.1.sdk/ -O3 -DNDEBUG -target arm64-apple-ios13.0-macabi  -fno-rtti -fno-exceptions conftest.c >&5
configure:8462: $? = 0
configure:8475: result: yes
configure:8833: checking for clang -arch arm64 option to produce PIC
configure:8840: result: -fno-common -DPIC
configure:8848: checking if clang -arch arm64 PIC flag -fno-common -DPIC works
configure:8866: clang -arch arm64 -c -pipe -isysroot /Applications/Xcode.app/Contents/Developer/Platforms/MacOSX.platform/Developer/SDKs/MacOSX11.1.sdk/ -O3 -DNDEBUG -target arm64-apple-ios13.0-macabi  -fno-common -DPIC -DPIC conftest.c >&5
configure:8870: $? = 0
configure:8883: result: yes
configure:8912: checking if clang -arch arm64 static flag -static works
configure:8940: result: no
configure:8955: checking if clang -arch arm64 supports -c -o file.o
configure:8976: clang -arch arm64 -c -pipe -isysroot /Applications/Xcode.app/Contents/Developer/Platforms/MacOSX.platform/Developer/SDKs/MacOSX11.1.sdk/ -O3 -DNDEBUG -target arm64-apple-ios13.0-macabi  -o out/conftest2.o conftest.c >&5
configure:8980: $? = 0
configure:9002: result: yes
configure:9010: checking if clang -arch arm64 supports -c -o file.o
configure:9057: result: yes
configure:9090: checking whether the clang -arch arm64 linker (/Applications/Xcode.app/Contents/Developer/Toolchains/XcodeDefault.xctoolchain/usr/bin/ld) supports shared libraries
configure:10349: result: yes
configure:10589: checking dynamic linker characteristics
configure:11407: result: darwin dyld
configure:11529: checking how to hardcode library paths into programs
configure:11554: result: immediate
configure:12102: checking whether stripping libraries is possible
configure:12116: result: yes
configure:12142: checking if libtool supports shared libraries
configure:12144: result: yes
configure:12147: checking whether to build shared libraries
configure:12172: result: no
configure:12175: checking whether to build static libraries
configure:12179: result: yes
configure:12216: checking for a sed that does not truncate output
configure:12280: result: /usr/bin/sed
configure:12298: checking whether make supports nested variables
configure:12315: result: yes
configure:12327: checking whether byte ordering is bigendian
configure:12342: clang -arch arm64 -c -pipe -isysroot /Applications/Xcode.app/Contents/Developer/Platforms/MacOSX.platform/Developer/SDKs/MacOSX11.1.sdk/ -O3 -DNDEBUG -target arm64-apple-ios13.0-macabi  conftest.c >&5
configure:12342: $? = 0
configure:12387: clang -arch arm64 -c -pipe -isysroot /Applications/Xcode.app/Contents/Developer/Platforms/MacOSX.platform/Developer/SDKs/MacOSX11.1.sdk/ -O3 -DNDEBUG -target arm64-apple-ios13.0-macabi  conftest.c >&5
configure:12387: $? = 0
configure:12405: clang -arch arm64 -c -pipe -isysroot /Applications/Xcode.app/Contents/Developer/Platforms/MacOSX.platform/Developer/SDKs/MacOSX11.1.sdk/ -O3 -DNDEBUG -target arm64-apple-ios13.0-macabi  conftest.c >&5
conftest.c:29:4: error: use of undeclared identifier 'not'
                 not big endian
                 ^
1 error generated.
configure:12405: $? = 1
configure: failed program was:
| /* confdefs.h */
| #define PACKAGE_NAME "libwebp"
| #define PACKAGE_TARNAME "libwebp"
| #define PACKAGE_VERSION "1.2.0"
| #define PACKAGE_STRING "libwebp 1.2.0"
| #define PACKAGE_BUGREPORT "https://bugs.chromium.org/p/webp"
| #define PACKAGE_URL "http://developers.google.com/speed/webp"
| #define PACKAGE "libwebp"
| #define VERSION "1.2.0"
| #define HAVE_SYS_TYPES_H 1
| #define HAVE_SYS_STAT_H 1
| #define HAVE_STDLIB_H 1
| #define HAVE_STRING_H 1
| #define HAVE_MEMORY_H 1
| #define HAVE_STRINGS_H 1
| #define HAVE_INTTYPES_H 1
| #define HAVE_STDINT_H 1
| #define HAVE_UNISTD_H 1
| #define HAVE_DLFCN_H 1
| #define LT_OBJDIR ".libs/"
| /* end confdefs.h.  */
| #include <sys/types.h>
| 		#include <sys/param.h>
| 
| int
| main ()
| {
| #if BYTE_ORDER != BIG_ENDIAN
| 		 not big endian
| 		#endif
| 
|   ;
|   return 0;
| }
configure:12533: result: no
configure:12564: checking whether asserts are enabled
configure:12574: result: no
configure:12591: checking whether clang -arch arm64 supports -fvisibility=hidden
configure:12597: clang -arch arm64 -c -Werror -fvisibility=hidden  conftest.c >&5
configure:12597: $? = 0
configure:12598: result: yes
configure:12609: checking whether clang -arch arm64 supports -Wall
configure:12615: clang -arch arm64 -c -Werror -Wall  conftest.c >&5
configure:12615: $? = 0
configure:12616: result: yes
configure:12627: checking whether clang -arch arm64 supports -Wconstant-conversion
configure:12633: clang -arch arm64 -c -Werror -Wconstant-conversion  conftest.c >&5
configure:12633: $? = 0
configure:12634: result: yes
configure:12645: checking whether clang -arch arm64 supports -Wdeclaration-after-statement
configure:12651: clang -arch arm64 -c -Werror -Wdeclaration-after-statement  conftest.c >&5
configure:12651: $? = 0
configure:12652: result: yes
configure:12663: checking whether clang -arch arm64 supports -Wextra
configure:12669: clang -arch arm64 -c -Werror -Wextra  conftest.c >&5
configure:12669: $? = 0
configure:12670: result: yes
configure:12681: checking whether clang -arch arm64 supports -Wfloat-conversion
configure:12687: clang -arch arm64 -c -Werror -Wfloat-conversion  conftest.c >&5
configure:12687: $? = 0
configure:12688: result: yes
configure:12699: checking whether clang -arch arm64 supports -Wformat -Wformat-nonliteral
configure:12705: clang -arch arm64 -c -Werror -Wformat -Wformat-nonliteral  conftest.c >&5
configure:12705: $? = 0
configure:12706: result: yes
configure:12717: checking whether clang -arch arm64 supports -Wformat -Wformat-security
configure:12723: clang -arch arm64 -c -Werror -Wformat -Wformat-security  conftest.c >&5
configure:12723: $? = 0
configure:12724: result: yes
configure:12735: checking whether clang -arch arm64 supports -Wmissing-declarations
configure:12741: clang -arch arm64 -c -Werror -Wmissing-declarations  conftest.c >&5
configure:12741: $? = 0
configure:12742: result: yes
configure:12753: checking whether clang -arch arm64 supports -Wmissing-prototypes
configure:12759: clang -arch arm64 -c -Werror -Wmissing-prototypes  conftest.c >&5
configure:12759: $? = 0
configure:12760: result: yes
configure:12771: checking whether clang -arch arm64 supports -Wold-style-definition
configure:12777: clang -arch arm64 -c -Werror -Wold-style-definition  conftest.c >&5
configure:12777: $? = 0
configure:12778: result: yes
configure:12789: checking whether clang -arch arm64 supports -Wparentheses-equality
configure:12795: clang -arch arm64 -c -Werror -Wparentheses-equality  conftest.c >&5
configure:12795: $? = 0
configure:12796: result: yes
configure:12807: checking whether clang -arch arm64 supports -Wshadow
configure:12813: clang -arch arm64 -c -Werror -Wshadow  conftest.c >&5
configure:12813: $? = 0
configure:12814: result: yes
configure:12825: checking whether clang -arch arm64 supports -Wshorten-64-to-32
configure:12831: clang -arch arm64 -c -Werror -Wshorten-64-to-32  conftest.c >&5
configure:12831: $? = 0
configure:12832: result: yes
configure:12843: checking whether clang -arch arm64 supports -Wundef
configure:12849: clang -arch arm64 -c -Werror -Wundef  conftest.c >&5
configure:12849: $? = 0
configure:12850: result: yes
configure:12861: checking whether clang -arch arm64 supports -Wunreachable-code-aggressive
configure:12867: clang -arch arm64 -c -Werror -Wunreachable-code-aggressive  conftest.c >&5
configure:12867: $? = 0
configure:12868: result: yes
configure:12879: checking whether clang -arch arm64 supports -Wunreachable-code
configure:12885: clang -arch arm64 -c -Werror -Wunreachable-code  conftest.c >&5
configure:12885: $? = 0
configure:12886: result: yes
configure:12897: checking whether clang -arch arm64 supports -Wunused-but-set-variable
configure:12903: clang -arch arm64 -c -Werror -Wunused-but-set-variable  conftest.c >&5
error: unknown warning option '-Wunused-but-set-variable'; did you mean '-Wunused-const-variable'? [-Werror,-Wunknown-warning-option]
configure:12903: $? = 1
configure: failed program was:
| /* confdefs.h */
| #define PACKAGE_NAME "libwebp"
| #define PACKAGE_TARNAME "libwebp"
| #define PACKAGE_VERSION "1.2.0"
| #define PACKAGE_STRING "libwebp 1.2.0"
| #define PACKAGE_BUGREPORT "https://bugs.chromium.org/p/webp"
| #define PACKAGE_URL "http://developers.google.com/speed/webp"
| #define PACKAGE "libwebp"
| #define VERSION "1.2.0"
| #define HAVE_SYS_TYPES_H 1
| #define HAVE_SYS_STAT_H 1
| #define HAVE_STDLIB_H 1
| #define HAVE_STRING_H 1
| #define HAVE_MEMORY_H 1
| #define HAVE_STRINGS_H 1
| #define HAVE_INTTYPES_H 1
| #define HAVE_STDINT_H 1
| #define HAVE_UNISTD_H 1
| #define HAVE_DLFCN_H 1
| #define LT_OBJDIR ".libs/"
| /* end confdefs.h.  */
| int main(void) { return 0; }
configure:12908: result: no
configure:12915: checking whether clang -arch arm64 supports -Wunused
configure:12921: clang -arch arm64 -c -Werror -Wunused  conftest.c >&5
configure:12921: $? = 0
configure:12922: result: yes
configure:12933: checking whether clang -arch arm64 supports -Wvla
configure:12939: clang -arch arm64 -c -Werror -Wvla  conftest.c >&5
configure:12939: $? = 0
configure:12940: result: yes
configure:13041: checking whether clang -arch arm64 supports -msse4.1
configure:13047: clang -arch arm64 -c -Werror -msse4.1  conftest.c >&5
clang: error: argument unused during compilation: '-msse4.1' [-Werror,-Wunused-command-line-argument]
configure:13047: $? = 1
configure: failed program was:
| /* confdefs.h */
| #define PACKAGE_NAME "libwebp"
| #define PACKAGE_TARNAME "libwebp"
| #define PACKAGE_VERSION "1.2.0"
| #define PACKAGE_STRING "libwebp 1.2.0"
| #define PACKAGE_BUGREPORT "https://bugs.chromium.org/p/webp"
| #define PACKAGE_URL "http://developers.google.com/speed/webp"
| #define PACKAGE "libwebp"
| #define VERSION "1.2.0"
| #define HAVE_SYS_TYPES_H 1
| #define HAVE_SYS_STAT_H 1
| #define HAVE_STDLIB_H 1
| #define HAVE_STRING_H 1
| #define HAVE_MEMORY_H 1
| #define HAVE_STRINGS_H 1
| #define HAVE_INTTYPES_H 1
| #define HAVE_STDINT_H 1
| #define HAVE_UNISTD_H 1
| #define HAVE_DLFCN_H 1
| #define LT_OBJDIR ".libs/"
| /* end confdefs.h.  */
| int main(void) { return 0; }
configure:13052: result: no
configure:13061: checking smmintrin.h usability
configure:13061: clang -arch arm64 -c -pipe -isysroot /Applications/Xcode.app/Contents/Developer/Platforms/MacOSX.platform/Developer/SDKs/MacOSX11.1.sdk/ -O3 -DNDEBUG -target arm64-apple-ios13.0-macabi    conftest.c >&5
In file included from conftest.c:55:
In file included from /Applications/Xcode.app/Contents/Developer/Toolchains/XcodeDefault.xctoolchain/usr/lib/clang/12.0.0/include/smmintrin.h:13:
In file included from /Applications/Xcode.app/Contents/Developer/Toolchains/XcodeDefault.xctoolchain/usr/lib/clang/12.0.0/include/tmmintrin.h:13:
In file included from /Applications/Xcode.app/Contents/Developer/Toolchains/XcodeDefault.xctoolchain/usr/lib/clang/12.0.0/include/pmmintrin.h:13:
In file included from /Applications/Xcode.app/Contents/Developer/Toolchains/XcodeDefault.xctoolchain/usr/lib/clang/12.0.0/include/emmintrin.h:13:
In file included from /Applications/Xcode.app/Contents/Developer/Toolchains/XcodeDefault.xctoolchain/usr/lib/clang/12.0.0/include/xmmintrin.h:13:
/Applications/Xcode.app/Contents/Developer/Toolchains/XcodeDefault.xctoolchain/usr/lib/clang/12.0.0/include/mmintrin.h:50:12: error: invalid conversion between vector type '__m64' (vector of 1 'long long' value) and integer type 'int' of different size
    return (__m64)__builtin_ia32_vec_init_v2si(__i, 0);
           ^~~~~~~~~~~~~~~~~~~~~~~~~~~~~~~~~~~~~~~~~~~
/Applications/Xcode.app/Contents/Developer/Toolchains/XcodeDefault.xctoolchain/usr/lib/clang/12.0.0/include/mmintrin.h:129:12: error: invalid conversion between vector type '__m64' (vector of 1 'long long' value) and integer type 'int' of different size
    return (__m64)__builtin_ia32_packsswb((__v4hi)__m1, (__v4hi)__m2);
           ^~~~~~~~~~~~~~~~~~~~~~~~~~~~~~~~~~~~~~~~~~~~~~~~~~~~~~~~~~
/Applications/Xcode.app/Contents/Developer/Toolchains/XcodeDefault.xctoolchain/usr/lib/clang/12.0.0/include/mmintrin.h:159:12: error: invalid conversion between vector type '__m64' (vector of 1 'long long' value) and integer type 'int' of different size
    return (__m64)__builtin_ia32_packssdw((__v2si)__m1, (__v2si)__m2);
           ^~~~~~~~~~~~~~~~~~~~~~~~~~~~~~~~~~~~~~~~~~~~~~~~~~~~~~~~~~
/Applications/Xcode.app/Contents/Developer/Toolchains/XcodeDefault.xctoolchain/usr/lib/clang/12.0.0/include/mmintrin.h:189:12: error: invalid conversion between vector type '__m64' (vector of 1 'long long' value) and integer type 'int' of different size
    return (__m64)__builtin_ia32_packuswb((__v4hi)__m1, (__v4hi)__m2);
           ^~~~~~~~~~~~~~~~~~~~~~~~~~~~~~~~~~~~~~~~~~~~~~~~~~~~~~~~~~
/Applications/Xcode.app/Contents/Developer/Toolchains/XcodeDefault.xctoolchain/usr/lib/clang/12.0.0/include/mmintrin.h:216:12: error: invalid conversion between vector type '__m64' (vector of 1 'long long' value) and integer type 'int' of different size
    return (__m64)__builtin_ia32_punpckhbw((__v8qi)__m1, (__v8qi)__m2);
           ^~~~~~~~~~~~~~~~~~~~~~~~~~~~~~~~~~~~~~~~~~~~~~~~~~~~~~~~~~~
/Applications/Xcode.app/Contents/Developer/Toolchains/XcodeDefault.xctoolchain/usr/lib/clang/12.0.0/include/mmintrin.h:239:12: error: invalid conversion between vector type '__m64' (vector of 1 'long long' value) and integer type 'int' of different size
    return (__m64)__builtin_ia32_punpckhwd((__v4hi)__m1, (__v4hi)__m2);
           ^~~~~~~~~~~~~~~~~~~~~~~~~~~~~~~~~~~~~~~~~~~~~~~~~~~~~~~~~~~
/Applications/Xcode.app/Contents/Developer/Toolchains/XcodeDefault.xctoolchain/usr/lib/clang/12.0.0/include/mmintrin.h:260:12: error: invalid conversion between vector type '__m64' (vector of 1 'long long' value) and integer type 'int' of different size
    return (__m64)__builtin_ia32_punpckhdq((__v2si)__m1, (__v2si)__m2);
           ^~~~~~~~~~~~~~~~~~~~~~~~~~~~~~~~~~~~~~~~~~~~~~~~~~~~~~~~~~~
/Applications/Xcode.app/Contents/Developer/Toolchains/XcodeDefault.xctoolchain/usr/lib/clang/12.0.0/include/mmintrin.h:287:12: error: invalid conversion between vector type '__m64' (vector of 1 'long long' value) and integer type 'int' of different size
    return (__m64)__builtin_ia32_punpcklbw((__v8qi)__m1, (__v8qi)__m2);
           ^~~~~~~~~~~~~~~~~~~~~~~~~~~~~~~~~~~~~~~~~~~~~~~~~~~~~~~~~~~
/Applications/Xcode.app/Contents/Developer/Toolchains/XcodeDefault.xctoolchain/usr/lib/clang/12.0.0/include/mmintrin.h:310:12: error: invalid conversion between vector type '__m64' (vector of 1 'long long' value) and integer type 'int' of different size
    return (__m64)__builtin_ia32_punpcklwd((__v4hi)__m1, (__v4hi)__m2);
           ^~~~~~~~~~~~~~~~~~~~~~~~~~~~~~~~~~~~~~~~~~~~~~~~~~~~~~~~~~~
/Applications/Xcode.app/Contents/Developer/Toolchains/XcodeDefault.xctoolchain/usr/lib/clang/12.0.0/include/mmintrin.h:331:12: error: invalid conversion between vector type '__m64' (vector of 1 'long long' value) and integer type 'int' of different size
    return (__m64)__builtin_ia32_punpckldq((__v2si)__m1, (__v2si)__m2);
           ^~~~~~~~~~~~~~~~~~~~~~~~~~~~~~~~~~~~~~~~~~~~~~~~~~~~~~~~~~~
/Applications/Xcode.app/Contents/Developer/Toolchains/XcodeDefault.xctoolchain/usr/lib/clang/12.0.0/include/mmintrin.h:352:12: error: invalid conversion between vector type '__m64' (vector of 1 'long long' value) and integer type 'int' of different size
    return (__m64)__builtin_ia32_paddb((__v8qi)__m1, (__v8qi)__m2);
           ^~~~~~~~~~~~~~~~~~~~~~~~~~~~~~~~~~~~~~~~~~~~~~~~~~~~~~~
/Applications/Xcode.app/Contents/Developer/Toolchains/XcodeDefault.xctoolchain/usr/lib/clang/12.0.0/include/mmintrin.h:373:12: error: invalid conversion between vector type '__m64' (vector of 1 'long long' value) and integer type 'int' of different size
    return (__m64)__builtin_ia32_paddw((__v4hi)__m1, (__v4hi)__m2);
           ^~~~~~~~~~~~~~~~~~~~~~~~~~~~~~~~~~~~~~~~~~~~~~~~~~~~~~~
/Applications/Xcode.app/Contents/Developer/Toolchains/XcodeDefault.xctoolchain/usr/lib/clang/12.0.0/include/mmintrin.h:394:12: error: invalid conversion between vector type '__m64' (vector of 1 'long long' value) and integer type 'int' of different size
    return (__m64)__builtin_ia32_paddd((__v2si)__m1, (__v2si)__m2);
           ^~~~~~~~~~~~~~~~~~~~~~~~~~~~~~~~~~~~~~~~~~~~~~~~~~~~~~~
/Applications/Xcode.app/Contents/Developer/Toolchains/XcodeDefault.xctoolchain/usr/lib/clang/12.0.0/include/mmintrin.h:416:12: error: invalid conversion between vector type '__m64' (vector of 1 'long long' value) and integer type 'int' of different size
    return (__m64)__builtin_ia32_paddsb((__v8qi)__m1, (__v8qi)__m2);
           ^~~~~~~~~~~~~~~~~~~~~~~~~~~~~~~~~~~~~~~~~~~~~~~~~~~~~~~~
/Applications/Xcode.app/Contents/Developer/Toolchains/XcodeDefault.xctoolchain/usr/lib/clang/12.0.0/include/mmintrin.h:439:12: error: invalid conversion between vector type '__m64' (vector of 1 'long long' value) and integer type 'int' of different size
    return (__m64)__builtin_ia32_paddsw((__v4hi)__m1, (__v4hi)__m2);
           ^~~~~~~~~~~~~~~~~~~~~~~~~~~~~~~~~~~~~~~~~~~~~~~~~~~~~~~~
/Applications/Xcode.app/Contents/Developer/Toolchains/XcodeDefault.xctoolchain/usr/lib/clang/12.0.0/include/mmintrin.h:461:12: error: invalid conversion between vector type '__m64' (vector of 1 'long long' value) and integer type 'int' of different size
    return (__m64)__builtin_ia32_paddusb((__v8qi)__m1, (__v8qi)__m2);
           ^~~~~~~~~~~~~~~~~~~~~~~~~~~~~~~~~~~~~~~~~~~~~~~~~~~~~~~~~
/Applications/Xcode.app/Contents/Developer/Toolchains/XcodeDefault.xctoolchain/usr/lib/clang/12.0.0/include/mmintrin.h:483:12: error: invalid conversion between vector type '__m64' (vector of 1 'long long' value) and integer type 'int' of different size
    return (__m64)__builtin_ia32_paddusw((__v4hi)__m1, (__v4hi)__m2);
           ^~~~~~~~~~~~~~~~~~~~~~~~~~~~~~~~~~~~~~~~~~~~~~~~~~~~~~~~~
/Applications/Xcode.app/Contents/Developer/Toolchains/XcodeDefault.xctoolchain/usr/lib/clang/12.0.0/include/mmintrin.h:504:12: error: invalid conversion between vector type '__m64' (vector of 1 'long long' value) and integer type 'int' of different size
    return (__m64)__builtin_ia32_psubb((__v8qi)__m1, (__v8qi)__m2);
           ^~~~~~~~~~~~~~~~~~~~~~~~~~~~~~~~~~~~~~~~~~~~~~~~~~~~~~~
/Applications/Xcode.app/Contents/Developer/Toolchains/XcodeDefault.xctoolchain/usr/lib/clang/12.0.0/include/mmintrin.h:525:12: error: invalid conversion between vector type '__m64' (vector of 1 'long long' value) and integer type 'int' of different size
    return (__m64)__builtin_ia32_psubw((__v4hi)__m1, (__v4hi)__m2);
           ^~~~~~~~~~~~~~~~~~~~~~~~~~~~~~~~~~~~~~~~~~~~~~~~~~~~~~~
fatal error: too many errors emitted, stopping now [-ferror-limit=]
20 errors generated.
configure:13061: $? = 1
configure: failed program was:
| /* confdefs.h */
| #define PACKAGE_NAME "libwebp"
| #define PACKAGE_TARNAME "libwebp"
| #define PACKAGE_VERSION "1.2.0"
| #define PACKAGE_STRING "libwebp 1.2.0"
| #define PACKAGE_BUGREPORT "https://bugs.chromium.org/p/webp"
| #define PACKAGE_URL "http://developers.google.com/speed/webp"
| #define PACKAGE "libwebp"
| #define VERSION "1.2.0"
| #define HAVE_SYS_TYPES_H 1
| #define HAVE_SYS_STAT_H 1
| #define HAVE_STDLIB_H 1
| #define HAVE_STRING_H 1
| #define HAVE_MEMORY_H 1
| #define HAVE_STRINGS_H 1
| #define HAVE_INTTYPES_H 1
| #define HAVE_STDINT_H 1
| #define HAVE_UNISTD_H 1
| #define HAVE_DLFCN_H 1
| #define LT_OBJDIR ".libs/"
| /* end confdefs.h.  */
| #include <stdio.h>
| #ifdef HAVE_SYS_TYPES_H
| # include <sys/types.h>
| #endif
| #ifdef HAVE_SYS_STAT_H
| # include <sys/stat.h>
| #endif
| #ifdef STDC_HEADERS
| # include <stdlib.h>
| # include <stddef.h>
| #else
| # ifdef HAVE_STDLIB_H
| #  include <stdlib.h>
| # endif
| #endif
| #ifdef HAVE_STRING_H
| # if !defined STDC_HEADERS && defined HAVE_MEMORY_H
| #  include <memory.h>
| # endif
| # include <string.h>
| #endif
| #ifdef HAVE_STRINGS_H
| # include <strings.h>
| #endif
| #ifdef HAVE_INTTYPES_H
| # include <inttypes.h>
| #endif
| #ifdef HAVE_STDINT_H
| # include <stdint.h>
| #endif
| #ifdef HAVE_UNISTD_H
| # include <unistd.h>
| #endif
| #include <smmintrin.h>
configure:13061: result: no
configure:13061: checking smmintrin.h presence
configure:13061: clang -arch arm64 -E  conftest.c
In file included from conftest.c:22:
In file included from /Applications/Xcode.app/Contents/Developer/Toolchains/XcodeDefault.xctoolchain/usr/lib/clang/12.0.0/include/smmintrin.h:13:
In file included from /Applications/Xcode.app/Contents/Developer/Toolchains/XcodeDefault.xctoolchain/usr/lib/clang/12.0.0/include/tmmintrin.h:13:
In file included from /Applications/Xcode.app/Contents/Developer/Toolchains/XcodeDefault.xctoolchain/usr/lib/clang/12.0.0/include/pmmintrin.h:13:
In file included from /Applications/Xcode.app/Contents/Developer/Toolchains/XcodeDefault.xctoolchain/usr/lib/clang/12.0.0/include/emmintrin.h:13:
In file included from /Applications/Xcode.app/Contents/Developer/Toolchains/XcodeDefault.xctoolchain/usr/lib/clang/12.0.0/include/xmmintrin.h:27:
/Applications/Xcode.app/Contents/Developer/Toolchains/XcodeDefault.xctoolchain/usr/lib/clang/12.0.0/include/mm_malloc.h:13:10: fatal error: 'stdlib.h' file not found
#include <stdlib.h>
         ^~~~~~~~~~
1 error generated.
configure:13061: $? = 1
configure: failed program was:
| /* confdefs.h */
| #define PACKAGE_NAME "libwebp"
| #define PACKAGE_TARNAME "libwebp"
| #define PACKAGE_VERSION "1.2.0"
| #define PACKAGE_STRING "libwebp 1.2.0"
| #define PACKAGE_BUGREPORT "https://bugs.chromium.org/p/webp"
| #define PACKAGE_URL "http://developers.google.com/speed/webp"
| #define PACKAGE "libwebp"
| #define VERSION "1.2.0"
| #define HAVE_SYS_TYPES_H 1
| #define HAVE_SYS_STAT_H 1
| #define HAVE_STDLIB_H 1
| #define HAVE_STRING_H 1
| #define HAVE_MEMORY_H 1
| #define HAVE_STRINGS_H 1
| #define HAVE_INTTYPES_H 1
| #define HAVE_STDINT_H 1
| #define HAVE_UNISTD_H 1
| #define HAVE_DLFCN_H 1
| #define LT_OBJDIR ".libs/"
| /* end confdefs.h.  */
| #include <smmintrin.h>
configure:13061: result: no
configure:13061: checking for smmintrin.h
configure:13061: result: no
configure:13087: checking whether clang -arch arm64 supports -msse2
configure:13093: clang -arch arm64 -c -Werror -msse2  conftest.c >&5
clang: error: argument unused during compilation: '-msse2' [-Werror,-Wunused-command-line-argument]
configure:13093: $? = 1
configure: failed program was:
| /* confdefs.h */
| #define PACKAGE_NAME "libwebp"
| #define PACKAGE_TARNAME "libwebp"
| #define PACKAGE_VERSION "1.2.0"
| #define PACKAGE_STRING "libwebp 1.2.0"
| #define PACKAGE_BUGREPORT "https://bugs.chromium.org/p/webp"
| #define PACKAGE_URL "http://developers.google.com/speed/webp"
| #define PACKAGE "libwebp"
| #define VERSION "1.2.0"
| #define HAVE_SYS_TYPES_H 1
| #define HAVE_SYS_STAT_H 1
| #define HAVE_STDLIB_H 1
| #define HAVE_STRING_H 1
| #define HAVE_MEMORY_H 1
| #define HAVE_STRINGS_H 1
| #define HAVE_INTTYPES_H 1
| #define HAVE_STDINT_H 1
| #define HAVE_UNISTD_H 1
| #define HAVE_DLFCN_H 1
| #define LT_OBJDIR ".libs/"
| /* end confdefs.h.  */
| int main(void) { return 0; }
configure:13098: result: no
configure:13107: checking emmintrin.h usability
configure:13107: clang -arch arm64 -c -pipe -isysroot /Applications/Xcode.app/Contents/Developer/Platforms/MacOSX.platform/Developer/SDKs/MacOSX11.1.sdk/ -O3 -DNDEBUG -target arm64-apple-ios13.0-macabi    conftest.c >&5
In file included from conftest.c:55:
In file included from /Applications/Xcode.app/Contents/Developer/Toolchains/XcodeDefault.xctoolchain/usr/lib/clang/12.0.0/include/emmintrin.h:13:
In file included from /Applications/Xcode.app/Contents/Developer/Toolchains/XcodeDefault.xctoolchain/usr/lib/clang/12.0.0/include/xmmintrin.h:13:
/Applications/Xcode.app/Contents/Developer/Toolchains/XcodeDefault.xctoolchain/usr/lib/clang/12.0.0/include/mmintrin.h:50:12: error: invalid conversion between vector type '__m64' (vector of 1 'long long' value) and integer type 'int' of different size
    return (__m64)__builtin_ia32_vec_init_v2si(__i, 0);
           ^~~~~~~~~~~~~~~~~~~~~~~~~~~~~~~~~~~~~~~~~~~
/Applications/Xcode.app/Contents/Developer/Toolchains/XcodeDefault.xctoolchain/usr/lib/clang/12.0.0/include/mmintrin.h:129:12: error: invalid conversion between vector type '__m64' (vector of 1 'long long' value) and integer type 'int' of different size
    return (__m64)__builtin_ia32_packsswb((__v4hi)__m1, (__v4hi)__m2);
           ^~~~~~~~~~~~~~~~~~~~~~~~~~~~~~~~~~~~~~~~~~~~~~~~~~~~~~~~~~
/Applications/Xcode.app/Contents/Developer/Toolchains/XcodeDefault.xctoolchain/usr/lib/clang/12.0.0/include/mmintrin.h:159:12: error: invalid conversion between vector type '__m64' (vector of 1 'long long' value) and integer type 'int' of different size
    return (__m64)__builtin_ia32_packssdw((__v2si)__m1, (__v2si)__m2);
           ^~~~~~~~~~~~~~~~~~~~~~~~~~~~~~~~~~~~~~~~~~~~~~~~~~~~~~~~~~
/Applications/Xcode.app/Contents/Developer/Toolchains/XcodeDefault.xctoolchain/usr/lib/clang/12.0.0/include/mmintrin.h:189:12: error: invalid conversion between vector type '__m64' (vector of 1 'long long' value) and integer type 'int' of different size
    return (__m64)__builtin_ia32_packuswb((__v4hi)__m1, (__v4hi)__m2);
           ^~~~~~~~~~~~~~~~~~~~~~~~~~~~~~~~~~~~~~~~~~~~~~~~~~~~~~~~~~
/Applications/Xcode.app/Contents/Developer/Toolchains/XcodeDefault.xctoolchain/usr/lib/clang/12.0.0/include/mmintrin.h:216:12: error: invalid conversion between vector type '__m64' (vector of 1 'long long' value) and integer type 'int' of different size
    return (__m64)__builtin_ia32_punpckhbw((__v8qi)__m1, (__v8qi)__m2);
           ^~~~~~~~~~~~~~~~~~~~~~~~~~~~~~~~~~~~~~~~~~~~~~~~~~~~~~~~~~~
/Applications/Xcode.app/Contents/Developer/Toolchains/XcodeDefault.xctoolchain/usr/lib/clang/12.0.0/include/mmintrin.h:239:12: error: invalid conversion between vector type '__m64' (vector of 1 'long long' value) and integer type 'int' of different size
    return (__m64)__builtin_ia32_punpckhwd((__v4hi)__m1, (__v4hi)__m2);
           ^~~~~~~~~~~~~~~~~~~~~~~~~~~~~~~~~~~~~~~~~~~~~~~~~~~~~~~~~~~
/Applications/Xcode.app/Contents/Developer/Toolchains/XcodeDefault.xctoolchain/usr/lib/clang/12.0.0/include/mmintrin.h:260:12: error: invalid conversion between vector type '__m64' (vector of 1 'long long' value) and integer type 'int' of different size
    return (__m64)__builtin_ia32_punpckhdq((__v2si)__m1, (__v2si)__m2);
           ^~~~~~~~~~~~~~~~~~~~~~~~~~~~~~~~~~~~~~~~~~~~~~~~~~~~~~~~~~~
/Applications/Xcode.app/Contents/Developer/Toolchains/XcodeDefault.xctoolchain/usr/lib/clang/12.0.0/include/mmintrin.h:287:12: error: invalid conversion between vector type '__m64' (vector of 1 'long long' value) and integer type 'int' of different size
    return (__m64)__builtin_ia32_punpcklbw((__v8qi)__m1, (__v8qi)__m2);
           ^~~~~~~~~~~~~~~~~~~~~~~~~~~~~~~~~~~~~~~~~~~~~~~~~~~~~~~~~~~
/Applications/Xcode.app/Contents/Developer/Toolchains/XcodeDefault.xctoolchain/usr/lib/clang/12.0.0/include/mmintrin.h:310:12: error: invalid conversion between vector type '__m64' (vector of 1 'long long' value) and integer type 'int' of different size
    return (__m64)__builtin_ia32_punpcklwd((__v4hi)__m1, (__v4hi)__m2);
           ^~~~~~~~~~~~~~~~~~~~~~~~~~~~~~~~~~~~~~~~~~~~~~~~~~~~~~~~~~~
/Applications/Xcode.app/Contents/Developer/Toolchains/XcodeDefault.xctoolchain/usr/lib/clang/12.0.0/include/mmintrin.h:331:12: error: invalid conversion between vector type '__m64' (vector of 1 'long long' value) and integer type 'int' of different size
    return (__m64)__builtin_ia32_punpckldq((__v2si)__m1, (__v2si)__m2);
           ^~~~~~~~~~~~~~~~~~~~~~~~~~~~~~~~~~~~~~~~~~~~~~~~~~~~~~~~~~~
/Applications/Xcode.app/Contents/Developer/Toolchains/XcodeDefault.xctoolchain/usr/lib/clang/12.0.0/include/mmintrin.h:352:12: error: invalid conversion between vector type '__m64' (vector of 1 'long long' value) and integer type 'int' of different size
    return (__m64)__builtin_ia32_paddb((__v8qi)__m1, (__v8qi)__m2);
           ^~~~~~~~~~~~~~~~~~~~~~~~~~~~~~~~~~~~~~~~~~~~~~~~~~~~~~~
/Applications/Xcode.app/Contents/Developer/Toolchains/XcodeDefault.xctoolchain/usr/lib/clang/12.0.0/include/mmintrin.h:373:12: error: invalid conversion between vector type '__m64' (vector of 1 'long long' value) and integer type 'int' of different size
    return (__m64)__builtin_ia32_paddw((__v4hi)__m1, (__v4hi)__m2);
           ^~~~~~~~~~~~~~~~~~~~~~~~~~~~~~~~~~~~~~~~~~~~~~~~~~~~~~~
/Applications/Xcode.app/Contents/Developer/Toolchains/XcodeDefault.xctoolchain/usr/lib/clang/12.0.0/include/mmintrin.h:394:12: error: invalid conversion between vector type '__m64' (vector of 1 'long long' value) and integer type 'int' of different size
    return (__m64)__builtin_ia32_paddd((__v2si)__m1, (__v2si)__m2);
           ^~~~~~~~~~~~~~~~~~~~~~~~~~~~~~~~~~~~~~~~~~~~~~~~~~~~~~~
/Applications/Xcode.app/Contents/Developer/Toolchains/XcodeDefault.xctoolchain/usr/lib/clang/12.0.0/include/mmintrin.h:416:12: error: invalid conversion between vector type '__m64' (vector of 1 'long long' value) and integer type 'int' of different size
    return (__m64)__builtin_ia32_paddsb((__v8qi)__m1, (__v8qi)__m2);
           ^~~~~~~~~~~~~~~~~~~~~~~~~~~~~~~~~~~~~~~~~~~~~~~~~~~~~~~~
/Applications/Xcode.app/Contents/Developer/Toolchains/XcodeDefault.xctoolchain/usr/lib/clang/12.0.0/include/mmintrin.h:439:12: error: invalid conversion between vector type '__m64' (vector of 1 'long long' value) and integer type 'int' of different size
    return (__m64)__builtin_ia32_paddsw((__v4hi)__m1, (__v4hi)__m2);
           ^~~~~~~~~~~~~~~~~~~~~~~~~~~~~~~~~~~~~~~~~~~~~~~~~~~~~~~~
/Applications/Xcode.app/Contents/Developer/Toolchains/XcodeDefault.xctoolchain/usr/lib/clang/12.0.0/include/mmintrin.h:461:12: error: invalid conversion between vector type '__m64' (vector of 1 'long long' value) and integer type 'int' of different size
    return (__m64)__builtin_ia32_paddusb((__v8qi)__m1, (__v8qi)__m2);
           ^~~~~~~~~~~~~~~~~~~~~~~~~~~~~~~~~~~~~~~~~~~~~~~~~~~~~~~~~
/Applications/Xcode.app/Contents/Developer/Toolchains/XcodeDefault.xctoolchain/usr/lib/clang/12.0.0/include/mmintrin.h:483:12: error: invalid conversion between vector type '__m64' (vector of 1 'long long' value) and integer type 'int' of different size
    return (__m64)__builtin_ia32_paddusw((__v4hi)__m1, (__v4hi)__m2);
           ^~~~~~~~~~~~~~~~~~~~~~~~~~~~~~~~~~~~~~~~~~~~~~~~~~~~~~~~~
/Applications/Xcode.app/Contents/Developer/Toolchains/XcodeDefault.xctoolchain/usr/lib/clang/12.0.0/include/mmintrin.h:504:12: error: invalid conversion between vector type '__m64' (vector of 1 'long long' value) and integer type 'int' of different size
    return (__m64)__builtin_ia32_psubb((__v8qi)__m1, (__v8qi)__m2);
           ^~~~~~~~~~~~~~~~~~~~~~~~~~~~~~~~~~~~~~~~~~~~~~~~~~~~~~~
/Applications/Xcode.app/Contents/Developer/Toolchains/XcodeDefault.xctoolchain/usr/lib/clang/12.0.0/include/mmintrin.h:525:12: error: invalid conversion between vector type '__m64' (vector of 1 'long long' value) and integer type 'int' of different size
    return (__m64)__builtin_ia32_psubw((__v4hi)__m1, (__v4hi)__m2);
           ^~~~~~~~~~~~~~~~~~~~~~~~~~~~~~~~~~~~~~~~~~~~~~~~~~~~~~~
fatal error: too many errors emitted, stopping now [-ferror-limit=]
20 errors generated.
configure:13107: $? = 1
configure: failed program was:
| /* confdefs.h */
| #define PACKAGE_NAME "libwebp"
| #define PACKAGE_TARNAME "libwebp"
| #define PACKAGE_VERSION "1.2.0"
| #define PACKAGE_STRING "libwebp 1.2.0"
| #define PACKAGE_BUGREPORT "https://bugs.chromium.org/p/webp"
| #define PACKAGE_URL "http://developers.google.com/speed/webp"
| #define PACKAGE "libwebp"
| #define VERSION "1.2.0"
| #define HAVE_SYS_TYPES_H 1
| #define HAVE_SYS_STAT_H 1
| #define HAVE_STDLIB_H 1
| #define HAVE_STRING_H 1
| #define HAVE_MEMORY_H 1
| #define HAVE_STRINGS_H 1
| #define HAVE_INTTYPES_H 1
| #define HAVE_STDINT_H 1
| #define HAVE_UNISTD_H 1
| #define HAVE_DLFCN_H 1
| #define LT_OBJDIR ".libs/"
| /* end confdefs.h.  */
| #include <stdio.h>
| #ifdef HAVE_SYS_TYPES_H
| # include <sys/types.h>
| #endif
| #ifdef HAVE_SYS_STAT_H
| # include <sys/stat.h>
| #endif
| #ifdef STDC_HEADERS
| # include <stdlib.h>
| # include <stddef.h>
| #else
| # ifdef HAVE_STDLIB_H
| #  include <stdlib.h>
| # endif
| #endif
| #ifdef HAVE_STRING_H
| # if !defined STDC_HEADERS && defined HAVE_MEMORY_H
| #  include <memory.h>
| # endif
| # include <string.h>
| #endif
| #ifdef HAVE_STRINGS_H
| # include <strings.h>
| #endif
| #ifdef HAVE_INTTYPES_H
| # include <inttypes.h>
| #endif
| #ifdef HAVE_STDINT_H
| # include <stdint.h>
| #endif
| #ifdef HAVE_UNISTD_H
| # include <unistd.h>
| #endif
| #include <emmintrin.h>
configure:13107: result: no
configure:13107: checking emmintrin.h presence
configure:13107: clang -arch arm64 -E  conftest.c
In file included from conftest.c:22:
In file included from /Applications/Xcode.app/Contents/Developer/Toolchains/XcodeDefault.xctoolchain/usr/lib/clang/12.0.0/include/emmintrin.h:13:
In file included from /Applications/Xcode.app/Contents/Developer/Toolchains/XcodeDefault.xctoolchain/usr/lib/clang/12.0.0/include/xmmintrin.h:27:
/Applications/Xcode.app/Contents/Developer/Toolchains/XcodeDefault.xctoolchain/usr/lib/clang/12.0.0/include/mm_malloc.h:13:10: fatal error: 'stdlib.h' file not found
#include <stdlib.h>
         ^~~~~~~~~~
1 error generated.
configure:13107: $? = 1
configure: failed program was:
| /* confdefs.h */
| #define PACKAGE_NAME "libwebp"
| #define PACKAGE_TARNAME "libwebp"
| #define PACKAGE_VERSION "1.2.0"
| #define PACKAGE_STRING "libwebp 1.2.0"
| #define PACKAGE_BUGREPORT "https://bugs.chromium.org/p/webp"
| #define PACKAGE_URL "http://developers.google.com/speed/webp"
| #define PACKAGE "libwebp"
| #define VERSION "1.2.0"
| #define HAVE_SYS_TYPES_H 1
| #define HAVE_SYS_STAT_H 1
| #define HAVE_STDLIB_H 1
| #define HAVE_STRING_H 1
| #define HAVE_MEMORY_H 1
| #define HAVE_STRINGS_H 1
| #define HAVE_INTTYPES_H 1
| #define HAVE_STDINT_H 1
| #define HAVE_UNISTD_H 1
| #define HAVE_DLFCN_H 1
| #define LT_OBJDIR ".libs/"
| /* end confdefs.h.  */
| #include <emmintrin.h>
configure:13107: result: no
configure:13107: checking for emmintrin.h
configure:13107: result: no
configure:13260: checking for __builtin_bswap16
configure:13273: clang -arch arm64 -o conftest -pipe -isysroot /Applications/Xcode.app/Contents/Developer/Platforms/MacOSX.platform/Developer/SDKs/MacOSX11.1.sdk/ -O3 -DNDEBUG -target arm64-apple-ios13.0-macabi   conftest.c  >&5
configure:13273: $? = 0
configure:13274: result: yes
configure:13297: checking for __builtin_bswap32
configure:13310: clang -arch arm64 -o conftest -pipe -isysroot /Applications/Xcode.app/Contents/Developer/Platforms/MacOSX.platform/Developer/SDKs/MacOSX11.1.sdk/ -O3 -DNDEBUG -target arm64-apple-ios13.0-macabi   conftest.c  >&5
configure:13310: $? = 0
configure:13311: result: yes
configure:13334: checking for __builtin_bswap64
configure:13347: clang -arch arm64 -o conftest -pipe -isysroot /Applications/Xcode.app/Contents/Developer/Platforms/MacOSX.platform/Developer/SDKs/MacOSX11.1.sdk/ -O3 -DNDEBUG -target arm64-apple-ios13.0-macabi   conftest.c  >&5
configure:13347: $? = 0
configure:13348: result: yes
configure:13374: checking for threading support...
configure:13488: checking if compiler needs -Werror to reject unknown flags
configure:13504: clang -arch arm64 -c -pipe -isysroot /Applications/Xcode.app/Contents/Developer/Platforms/MacOSX.platform/Developer/SDKs/MacOSX11.1.sdk/ -O3 -DNDEBUG -target arm64-apple-ios13.0-macabi -Werror -Wunknown-warning-option -Wsizeof-array-argument  conftest.c >&5
configure:13504: $? = 0
configure:13505: result: yes
configure:13525: checking whether pthreads work with -pthread
configure:13613: clang -arch arm64 -o conftest -pipe -isysroot /Applications/Xcode.app/Contents/Developer/Platforms/MacOSX.platform/Developer/SDKs/MacOSX11.1.sdk/ -O3 -DNDEBUG -target arm64-apple-ios13.0-macabi -pthread -Werror   conftest.c   >&5
configure:13613: $? = 0
configure:13622: result: yes
configure:13641: checking for joinable pthread attribute
configure:13656: clang -arch arm64 -o conftest -pipe -isysroot /Applications/Xcode.app/Contents/Developer/Platforms/MacOSX.platform/Developer/SDKs/MacOSX11.1.sdk/ -O3 -DNDEBUG -target arm64-apple-ios13.0-macabi -pthread   conftest.c   >&5
configure:13656: $? = 0
configure:13662: result: PTHREAD_CREATE_JOINABLE
configure:13672: checking if more special flags are required for pthreads
configure:13687: result: -D_THREAD_SAFE
configure:13693: checking for PTHREAD_PRIO_INHERIT
configure:13710: clang -arch arm64 -o conftest -pipe -isysroot /Applications/Xcode.app/Contents/Developer/Platforms/MacOSX.platform/Developer/SDKs/MacOSX11.1.sdk/ -O3 -DNDEBUG -target arm64-apple-ios13.0-macabi -pthread   conftest.c   >&5
configure:13710: $? = 0
configure:13719: result: yes
configure:13831: checking if threading is enabled... yes
configure:13872: checking whether clang -arch arm64 supports -Wno-deprecated-declarations
configure:13878: clang -arch arm64 -c -Werror -Wno-deprecated-declarations   conftest.c >&5
configure:13878: $? = 0
configure:13879: result: yes
configure:13907: checking GL/glut.h usability
configure:13907: clang -arch arm64 -c -pipe -isysroot /Applications/Xcode.app/Contents/Developer/Platforms/MacOSX.platform/Developer/SDKs/MacOSX11.1.sdk/ -O3 -DNDEBUG -target arm64-apple-ios13.0-macabi -D_THREAD_SAFE -pthread   conftest.c >&5
conftest.c:60:10: fatal error: 'GL/glut.h' file not found
#include <GL/glut.h>
         ^~~~~~~~~~~
1 error generated.
configure:13907: $? = 1
configure: failed program was:
| /* confdefs.h */
| #define PACKAGE_NAME "libwebp"
| #define PACKAGE_TARNAME "libwebp"
| #define PACKAGE_VERSION "1.2.0"
| #define PACKAGE_STRING "libwebp 1.2.0"
| #define PACKAGE_BUGREPORT "https://bugs.chromium.org/p/webp"
| #define PACKAGE_URL "http://developers.google.com/speed/webp"
| #define PACKAGE "libwebp"
| #define VERSION "1.2.0"
| #define HAVE_SYS_TYPES_H 1
| #define HAVE_SYS_STAT_H 1
| #define HAVE_STDLIB_H 1
| #define HAVE_STRING_H 1
| #define HAVE_MEMORY_H 1
| #define HAVE_STRINGS_H 1
| #define HAVE_INTTYPES_H 1
| #define HAVE_STDINT_H 1
| #define HAVE_UNISTD_H 1
| #define HAVE_DLFCN_H 1
| #define LT_OBJDIR ".libs/"
| #define HAVE_BUILTIN_BSWAP16 1
| #define HAVE_BUILTIN_BSWAP32 1
| #define HAVE_BUILTIN_BSWAP64 1
| #define HAVE_PTHREAD_PRIO_INHERIT 1
| #define WEBP_USE_THREAD 1
| /* end confdefs.h.  */
| #include <stdio.h>
| #ifdef HAVE_SYS_TYPES_H
| # include <sys/types.h>
| #endif
| #ifdef HAVE_SYS_STAT_H
| # include <sys/stat.h>
| #endif
| #ifdef STDC_HEADERS
| # include <stdlib.h>
| # include <stddef.h>
| #else
| # ifdef HAVE_STDLIB_H
| #  include <stdlib.h>
| # endif
| #endif
| #ifdef HAVE_STRING_H
| # if !defined STDC_HEADERS && defined HAVE_MEMORY_H
| #  include <memory.h>
| # endif
| # include <string.h>
| #endif
| #ifdef HAVE_STRINGS_H
| # include <strings.h>
| #endif
| #ifdef HAVE_INTTYPES_H
| # include <inttypes.h>
| #endif
| #ifdef HAVE_STDINT_H
| # include <stdint.h>
| #endif
| #ifdef HAVE_UNISTD_H
| # include <unistd.h>
| #endif
| #include <GL/glut.h>
configure:13907: result: no
configure:13907: checking GL/glut.h presence
configure:13907: clang -arch arm64 -E   conftest.c
conftest.c:27:10: fatal error: 'GL/glut.h' file not found
#include <GL/glut.h>
         ^~~~~~~~~~~
1 error generated.
configure:13907: $? = 1
configure: failed program was:
| /* confdefs.h */
| #define PACKAGE_NAME "libwebp"
| #define PACKAGE_TARNAME "libwebp"
| #define PACKAGE_VERSION "1.2.0"
| #define PACKAGE_STRING "libwebp 1.2.0"
| #define PACKAGE_BUGREPORT "https://bugs.chromium.org/p/webp"
| #define PACKAGE_URL "http://developers.google.com/speed/webp"
| #define PACKAGE "libwebp"
| #define VERSION "1.2.0"
| #define HAVE_SYS_TYPES_H 1
| #define HAVE_SYS_STAT_H 1
| #define HAVE_STDLIB_H 1
| #define HAVE_STRING_H 1
| #define HAVE_MEMORY_H 1
| #define HAVE_STRINGS_H 1
| #define HAVE_INTTYPES_H 1
| #define HAVE_STDINT_H 1
| #define HAVE_UNISTD_H 1
| #define HAVE_DLFCN_H 1
| #define LT_OBJDIR ".libs/"
| #define HAVE_BUILTIN_BSWAP16 1
| #define HAVE_BUILTIN_BSWAP32 1
| #define HAVE_BUILTIN_BSWAP64 1
| #define HAVE_PTHREAD_PRIO_INHERIT 1
| #define WEBP_USE_THREAD 1
| /* end confdefs.h.  */
| #include <GL/glut.h>
configure:13907: result: no
configure:13907: checking for GL/glut.h
configure:13907: result: no
configure:13907: checking GLUT/glut.h usability
configure:13907: clang -arch arm64 -c -pipe -isysroot /Applications/Xcode.app/Contents/Developer/Platforms/MacOSX.platform/Developer/SDKs/MacOSX11.1.sdk/ -O3 -DNDEBUG -target arm64-apple-ios13.0-macabi -D_THREAD_SAFE -pthread   conftest.c >&5
configure:13907: $? = 0
configure:13907: result: yes
configure:13907: checking GLUT/glut.h presence
configure:13907: clang -arch arm64 -E   conftest.c
conftest.c:27:10: fatal error: 'GLUT/glut.h' file not found
#include <GLUT/glut.h>
         ^~~~~~~~~~~~~
conftest.c:27:10: note: did not find header 'glut.h' in framework 'GLUT' (loaded from '/System/Library/Frameworks')
1 error generated.
configure:13907: $? = 1
configure: failed program was:
| /* confdefs.h */
| #define PACKAGE_NAME "libwebp"
| #define PACKAGE_TARNAME "libwebp"
| #define PACKAGE_VERSION "1.2.0"
| #define PACKAGE_STRING "libwebp 1.2.0"
| #define PACKAGE_BUGREPORT "https://bugs.chromium.org/p/webp"
| #define PACKAGE_URL "http://developers.google.com/speed/webp"
| #define PACKAGE "libwebp"
| #define VERSION "1.2.0"
| #define HAVE_SYS_TYPES_H 1
| #define HAVE_SYS_STAT_H 1
| #define HAVE_STDLIB_H 1
| #define HAVE_STRING_H 1
| #define HAVE_MEMORY_H 1
| #define HAVE_STRINGS_H 1
| #define HAVE_INTTYPES_H 1
| #define HAVE_STDINT_H 1
| #define HAVE_UNISTD_H 1
| #define HAVE_DLFCN_H 1
| #define LT_OBJDIR ".libs/"
| #define HAVE_BUILTIN_BSWAP16 1
| #define HAVE_BUILTIN_BSWAP32 1
| #define HAVE_BUILTIN_BSWAP64 1
| #define HAVE_PTHREAD_PRIO_INHERIT 1
| #define WEBP_USE_THREAD 1
| /* end confdefs.h.  */
| #include <GLUT/glut.h>
configure:13907: result: no
configure:13907: WARNING: GLUT/glut.h: accepted by the compiler, rejected by the preprocessor!
configure:13907: WARNING: GLUT/glut.h: proceeding with the compiler's result
configure:13907: checking for GLUT/glut.h
configure:13907: result: yes
configure:13946: checking for library containing glBegin
configure:13977: clang -arch arm64 -o conftest -pipe -isysroot /Applications/Xcode.app/Contents/Developer/Platforms/MacOSX.platform/Developer/SDKs/MacOSX11.1.sdk/ -O3 -DNDEBUG -target arm64-apple-ios13.0-macabi -D_THREAD_SAFE -pthread    conftest.c    >&5
Undefined symbols for architecture arm64:
  "_glBegin", referenced from:
      _main in conftest-856b30.o
ld: symbol(s) not found for architecture arm64
clang: error: linker command failed with exit code 1 (use -v to see invocation)
configure:13977: $? = 1
configure: failed program was:
| /* confdefs.h */
| #define PACKAGE_NAME "libwebp"
| #define PACKAGE_TARNAME "libwebp"
| #define PACKAGE_VERSION "1.2.0"
| #define PACKAGE_STRING "libwebp 1.2.0"
| #define PACKAGE_BUGREPORT "https://bugs.chromium.org/p/webp"
| #define PACKAGE_URL "http://developers.google.com/speed/webp"
| #define PACKAGE "libwebp"
| #define VERSION "1.2.0"
| #define HAVE_SYS_TYPES_H 1
| #define HAVE_SYS_STAT_H 1
| #define HAVE_STDLIB_H 1
| #define HAVE_STRING_H 1
| #define HAVE_MEMORY_H 1
| #define HAVE_STRINGS_H 1
| #define HAVE_INTTYPES_H 1
| #define HAVE_STDINT_H 1
| #define HAVE_UNISTD_H 1
| #define HAVE_DLFCN_H 1
| #define LT_OBJDIR ".libs/"
| #define HAVE_BUILTIN_BSWAP16 1
| #define HAVE_BUILTIN_BSWAP32 1
| #define HAVE_BUILTIN_BSWAP64 1
| #define HAVE_PTHREAD_PRIO_INHERIT 1
| #define WEBP_USE_THREAD 1
| #define HAVE_GLUT_GLUT_H 1
| /* end confdefs.h.  */
| 
| /* Override any GCC internal prototype to avoid an error.
|    Use char because int might match the return type of a GCC
|    builtin and then its argument prototype would still apply.  */
| #ifdef __cplusplus
| extern "C"
| #endif
| char glBegin ();
| int
| main ()
| {
| return glBegin ();
|   ;
|   return 0;
| }
configure:13977: clang -arch arm64 -o conftest -pipe -isysroot /Applications/Xcode.app/Contents/Developer/Platforms/MacOSX.platform/Developer/SDKs/MacOSX11.1.sdk/ -O3 -DNDEBUG -target arm64-apple-ios13.0-macabi -D_THREAD_SAFE -pthread    conftest.c -lGL     >&5
ld: library not found for -lGL
clang: error: linker command failed with exit code 1 (use -v to see invocation)
configure:13977: $? = 1
configure: failed program was:
| /* confdefs.h */
| #define PACKAGE_NAME "libwebp"
| #define PACKAGE_TARNAME "libwebp"
| #define PACKAGE_VERSION "1.2.0"
| #define PACKAGE_STRING "libwebp 1.2.0"
| #define PACKAGE_BUGREPORT "https://bugs.chromium.org/p/webp"
| #define PACKAGE_URL "http://developers.google.com/speed/webp"
| #define PACKAGE "libwebp"
| #define VERSION "1.2.0"
| #define HAVE_SYS_TYPES_H 1
| #define HAVE_SYS_STAT_H 1
| #define HAVE_STDLIB_H 1
| #define HAVE_STRING_H 1
| #define HAVE_MEMORY_H 1
| #define HAVE_STRINGS_H 1
| #define HAVE_INTTYPES_H 1
| #define HAVE_STDINT_H 1
| #define HAVE_UNISTD_H 1
| #define HAVE_DLFCN_H 1
| #define LT_OBJDIR ".libs/"
| #define HAVE_BUILTIN_BSWAP16 1
| #define HAVE_BUILTIN_BSWAP32 1
| #define HAVE_BUILTIN_BSWAP64 1
| #define HAVE_PTHREAD_PRIO_INHERIT 1
| #define WEBP_USE_THREAD 1
| #define HAVE_GLUT_GLUT_H 1
| /* end confdefs.h.  */
| 
| /* Override any GCC internal prototype to avoid an error.
|    Use char because int might match the return type of a GCC
|    builtin and then its argument prototype would still apply.  */
| #ifdef __cplusplus
| extern "C"
| #endif
| char glBegin ();
| int
| main ()
| {
| return glBegin ();
|   ;
|   return 0;
| }
configure:13977: clang -arch arm64 -o conftest -pipe -isysroot /Applications/Xcode.app/Contents/Developer/Platforms/MacOSX.platform/Developer/SDKs/MacOSX11.1.sdk/ -O3 -DNDEBUG -target arm64-apple-ios13.0-macabi -D_THREAD_SAFE -pthread    conftest.c -lOpenGL     >&5
ld: library not found for -lOpenGL
clang: error: linker command failed with exit code 1 (use -v to see invocation)
configure:13977: $? = 1
configure: failed program was:
| /* confdefs.h */
| #define PACKAGE_NAME "libwebp"
| #define PACKAGE_TARNAME "libwebp"
| #define PACKAGE_VERSION "1.2.0"
| #define PACKAGE_STRING "libwebp 1.2.0"
| #define PACKAGE_BUGREPORT "https://bugs.chromium.org/p/webp"
| #define PACKAGE_URL "http://developers.google.com/speed/webp"
| #define PACKAGE "libwebp"
| #define VERSION "1.2.0"
| #define HAVE_SYS_TYPES_H 1
| #define HAVE_SYS_STAT_H 1
| #define HAVE_STDLIB_H 1
| #define HAVE_STRING_H 1
| #define HAVE_MEMORY_H 1
| #define HAVE_STRINGS_H 1
| #define HAVE_INTTYPES_H 1
| #define HAVE_STDINT_H 1
| #define HAVE_UNISTD_H 1
| #define HAVE_DLFCN_H 1
| #define LT_OBJDIR ".libs/"
| #define HAVE_BUILTIN_BSWAP16 1
| #define HAVE_BUILTIN_BSWAP32 1
| #define HAVE_BUILTIN_BSWAP64 1
| #define HAVE_PTHREAD_PRIO_INHERIT 1
| #define WEBP_USE_THREAD 1
| #define HAVE_GLUT_GLUT_H 1
| /* end confdefs.h.  */
| 
| /* Override any GCC internal prototype to avoid an error.
|    Use char because int might match the return type of a GCC
|    builtin and then its argument prototype would still apply.  */
| #ifdef __cplusplus
| extern "C"
| #endif
| char glBegin ();
| int
| main ()
| {
| return glBegin ();
|   ;
|   return 0;
| }
configure:13977: clang -arch arm64 -o conftest -pipe -isysroot /Applications/Xcode.app/Contents/Developer/Platforms/MacOSX.platform/Developer/SDKs/MacOSX11.1.sdk/ -O3 -DNDEBUG -target arm64-apple-ios13.0-macabi -D_THREAD_SAFE -pthread    conftest.c -lopengl32     >&5
ld: library not found for -lopengl32
clang: error: linker command failed with exit code 1 (use -v to see invocation)
configure:13977: $? = 1
configure: failed program was:
| /* confdefs.h */
| #define PACKAGE_NAME "libwebp"
| #define PACKAGE_TARNAME "libwebp"
| #define PACKAGE_VERSION "1.2.0"
| #define PACKAGE_STRING "libwebp 1.2.0"
| #define PACKAGE_BUGREPORT "https://bugs.chromium.org/p/webp"
| #define PACKAGE_URL "http://developers.google.com/speed/webp"
| #define PACKAGE "libwebp"
| #define VERSION "1.2.0"
| #define HAVE_SYS_TYPES_H 1
| #define HAVE_SYS_STAT_H 1
| #define HAVE_STDLIB_H 1
| #define HAVE_STRING_H 1
| #define HAVE_MEMORY_H 1
| #define HAVE_STRINGS_H 1
| #define HAVE_INTTYPES_H 1
| #define HAVE_STDINT_H 1
| #define HAVE_UNISTD_H 1
| #define HAVE_DLFCN_H 1
| #define LT_OBJDIR ".libs/"
| #define HAVE_BUILTIN_BSWAP16 1
| #define HAVE_BUILTIN_BSWAP32 1
| #define HAVE_BUILTIN_BSWAP64 1
| #define HAVE_PTHREAD_PRIO_INHERIT 1
| #define WEBP_USE_THREAD 1
| #define HAVE_GLUT_GLUT_H 1
| /* end confdefs.h.  */
| 
| /* Override any GCC internal prototype to avoid an error.
|    Use char because int might match the return type of a GCC
|    builtin and then its argument prototype would still apply.  */
| #ifdef __cplusplus
| extern "C"
| #endif
| char glBegin ();
| int
| main ()
| {
| return glBegin ();
|   ;
|   return 0;
| }
configure:13994: result: no
configure:14031: clang -arch arm64 -o conftest -pipe -isysroot /Applications/Xcode.app/Contents/Developer/Platforms/MacOSX.platform/Developer/SDKs/MacOSX11.1.sdk/ -O3 -DNDEBUG -target arm64-apple-ios13.0-macabi -D_THREAD_SAFE -pthread    conftest.c  >&5
Undefined symbols for architecture arm64:
  "_glOrtho", referenced from:
      _main in conftest-5c436e.o
  "_glutMainLoop", referenced from:
      _main in conftest-5c436e.o
ld: symbol(s) not found for architecture arm64
clang: error: linker command failed with exit code 1 (use -v to see invocation)
configure:14031: $? = 1
configure: failed program was:
| /* confdefs.h */
| #define PACKAGE_NAME "libwebp"
| #define PACKAGE_TARNAME "libwebp"
| #define PACKAGE_VERSION "1.2.0"
| #define PACKAGE_STRING "libwebp 1.2.0"
| #define PACKAGE_BUGREPORT "https://bugs.chromium.org/p/webp"
| #define PACKAGE_URL "http://developers.google.com/speed/webp"
| #define PACKAGE "libwebp"
| #define VERSION "1.2.0"
| #define HAVE_SYS_TYPES_H 1
| #define HAVE_SYS_STAT_H 1
| #define HAVE_STDLIB_H 1
| #define HAVE_STRING_H 1
| #define HAVE_MEMORY_H 1
| #define HAVE_STRINGS_H 1
| #define HAVE_INTTYPES_H 1
| #define HAVE_STDINT_H 1
| #define HAVE_UNISTD_H 1
| #define HAVE_DLFCN_H 1
| #define LT_OBJDIR ".libs/"
| #define HAVE_BUILTIN_BSWAP16 1
| #define HAVE_BUILTIN_BSWAP32 1
| #define HAVE_BUILTIN_BSWAP64 1
| #define HAVE_PTHREAD_PRIO_INHERIT 1
| #define WEBP_USE_THREAD 1
| #define HAVE_GLUT_GLUT_H 1
| /* end confdefs.h.  */
| 
|              #ifdef __cplusplus
|              # define EXTERN_C extern "C"
|              #else
|              # define EXTERN_C
|              #endif
|              EXTERN_C char glOrtho();
|              EXTERN_C char glutMainLoop();
| 
| int
| main ()
| {
| 
|              glOrtho();
|              glutMainLoop();
| 
|   ;
|   return 0;
| }
| 
configure:14031: clang -arch arm64 -o conftest -pipe -isysroot /Applications/Xcode.app/Contents/Developer/Platforms/MacOSX.platform/Developer/SDKs/MacOSX11.1.sdk/ -O3 -DNDEBUG -target arm64-apple-ios13.0-macabi -D_THREAD_SAFE -pthread    conftest.c -lglut >&5
ld: library not found for -lglut
clang: error: linker command failed with exit code 1 (use -v to see invocation)
configure:14031: $? = 1
configure: failed program was:
| /* confdefs.h */
| #define PACKAGE_NAME "libwebp"
| #define PACKAGE_TARNAME "libwebp"
| #define PACKAGE_VERSION "1.2.0"
| #define PACKAGE_STRING "libwebp 1.2.0"
| #define PACKAGE_BUGREPORT "https://bugs.chromium.org/p/webp"
| #define PACKAGE_URL "http://developers.google.com/speed/webp"
| #define PACKAGE "libwebp"
| #define VERSION "1.2.0"
| #define HAVE_SYS_TYPES_H 1
| #define HAVE_SYS_STAT_H 1
| #define HAVE_STDLIB_H 1
| #define HAVE_STRING_H 1
| #define HAVE_MEMORY_H 1
| #define HAVE_STRINGS_H 1
| #define HAVE_INTTYPES_H 1
| #define HAVE_STDINT_H 1
| #define HAVE_UNISTD_H 1
| #define HAVE_DLFCN_H 1
| #define LT_OBJDIR ".libs/"
| #define HAVE_BUILTIN_BSWAP16 1
| #define HAVE_BUILTIN_BSWAP32 1
| #define HAVE_BUILTIN_BSWAP64 1
| #define HAVE_PTHREAD_PRIO_INHERIT 1
| #define WEBP_USE_THREAD 1
| #define HAVE_GLUT_GLUT_H 1
| /* end confdefs.h.  */
| 
|              #ifdef __cplusplus
|              # define EXTERN_C extern "C"
|              #else
|              # define EXTERN_C
|              #endif
|              EXTERN_C char glOrtho();
|              EXTERN_C char glutMainLoop();
| 
| int
| main ()
| {
| 
|              glOrtho();
|              glutMainLoop();
| 
|   ;
|   return 0;
| }
| 
configure:14031: clang -arch arm64 -o conftest -pipe -isysroot /Applications/Xcode.app/Contents/Developer/Platforms/MacOSX.platform/Developer/SDKs/MacOSX11.1.sdk/ -O3 -DNDEBUG -target arm64-apple-ios13.0-macabi -D_THREAD_SAFE -pthread    conftest.c -lglut no >&5
clang: error: no such file or directory: 'no'
configure:14031: $? = 1
configure: failed program was:
| /* confdefs.h */
| #define PACKAGE_NAME "libwebp"
| #define PACKAGE_TARNAME "libwebp"
| #define PACKAGE_VERSION "1.2.0"
| #define PACKAGE_STRING "libwebp 1.2.0"
| #define PACKAGE_BUGREPORT "https://bugs.chromium.org/p/webp"
| #define PACKAGE_URL "http://developers.google.com/speed/webp"
| #define PACKAGE "libwebp"
| #define VERSION "1.2.0"
| #define HAVE_SYS_TYPES_H 1
| #define HAVE_SYS_STAT_H 1
| #define HAVE_STDLIB_H 1
| #define HAVE_STRING_H 1
| #define HAVE_MEMORY_H 1
| #define HAVE_STRINGS_H 1
| #define HAVE_INTTYPES_H 1
| #define HAVE_STDINT_H 1
| #define HAVE_UNISTD_H 1
| #define HAVE_DLFCN_H 1
| #define LT_OBJDIR ".libs/"
| #define HAVE_BUILTIN_BSWAP16 1
| #define HAVE_BUILTIN_BSWAP32 1
| #define HAVE_BUILTIN_BSWAP64 1
| #define HAVE_PTHREAD_PRIO_INHERIT 1
| #define WEBP_USE_THREAD 1
| #define HAVE_GLUT_GLUT_H 1
| /* end confdefs.h.  */
| 
|              #ifdef __cplusplus
|              # define EXTERN_C extern "C"
|              #else
|              # define EXTERN_C
|              #endif
|              EXTERN_C char glOrtho();
|              EXTERN_C char glutMainLoop();
| 
| int
| main ()
| {
| 
|              glOrtho();
|              glutMainLoop();
| 
|   ;
|   return 0;
| }
| 
configure:13946: checking for library containing glBegin
configure:13977: clang -arch arm64 -o conftest -pipe -isysroot /Applications/Xcode.app/Contents/Developer/Platforms/MacOSX.platform/Developer/SDKs/MacOSX11.1.sdk/ -O3 -DNDEBUG -target arm64-apple-ios13.0-macabi -D_THREAD_SAFE -pthread   -framework GLUT -framework OpenGL  conftest.c    >&5
ld: building for Mac Catalyst, but linking in .tbd built for macOS, file '/Applications/Xcode.app/Contents/Developer/Platforms/MacOSX.platform/Developer/SDKs/MacOSX11.1.sdk/System/Library/Frameworks//GLUT.framework/GLUT.tbd' for architecture arm64
clang: error: linker command failed with exit code 1 (use -v to see invocation)
configure:13977: $? = 1
configure: failed program was:
| /* confdefs.h */
| #define PACKAGE_NAME "libwebp"
| #define PACKAGE_TARNAME "libwebp"
| #define PACKAGE_VERSION "1.2.0"
| #define PACKAGE_STRING "libwebp 1.2.0"
| #define PACKAGE_BUGREPORT "https://bugs.chromium.org/p/webp"
| #define PACKAGE_URL "http://developers.google.com/speed/webp"
| #define PACKAGE "libwebp"
| #define VERSION "1.2.0"
| #define HAVE_SYS_TYPES_H 1
| #define HAVE_SYS_STAT_H 1
| #define HAVE_STDLIB_H 1
| #define HAVE_STRING_H 1
| #define HAVE_MEMORY_H 1
| #define HAVE_STRINGS_H 1
| #define HAVE_INTTYPES_H 1
| #define HAVE_STDINT_H 1
| #define HAVE_UNISTD_H 1
| #define HAVE_DLFCN_H 1
| #define LT_OBJDIR ".libs/"
| #define HAVE_BUILTIN_BSWAP16 1
| #define HAVE_BUILTIN_BSWAP32 1
| #define HAVE_BUILTIN_BSWAP64 1
| #define HAVE_PTHREAD_PRIO_INHERIT 1
| #define WEBP_USE_THREAD 1
| #define HAVE_GLUT_GLUT_H 1
| /* end confdefs.h.  */
| 
| /* Override any GCC internal prototype to avoid an error.
|    Use char because int might match the return type of a GCC
|    builtin and then its argument prototype would still apply.  */
| #ifdef __cplusplus
| extern "C"
| #endif
| char glBegin ();
| int
| main ()
| {
| return glBegin ();
|   ;
|   return 0;
| }
configure:13977: clang -arch arm64 -o conftest -pipe -isysroot /Applications/Xcode.app/Contents/Developer/Platforms/MacOSX.platform/Developer/SDKs/MacOSX11.1.sdk/ -O3 -DNDEBUG -target arm64-apple-ios13.0-macabi -D_THREAD_SAFE -pthread   -framework GLUT -framework OpenGL  conftest.c -lGL     >&5
ld: library not found for -lGL
clang: error: linker command failed with exit code 1 (use -v to see invocation)
configure:13977: $? = 1
configure: failed program was:
| /* confdefs.h */
| #define PACKAGE_NAME "libwebp"
| #define PACKAGE_TARNAME "libwebp"
| #define PACKAGE_VERSION "1.2.0"
| #define PACKAGE_STRING "libwebp 1.2.0"
| #define PACKAGE_BUGREPORT "https://bugs.chromium.org/p/webp"
| #define PACKAGE_URL "http://developers.google.com/speed/webp"
| #define PACKAGE "libwebp"
| #define VERSION "1.2.0"
| #define HAVE_SYS_TYPES_H 1
| #define HAVE_SYS_STAT_H 1
| #define HAVE_STDLIB_H 1
| #define HAVE_STRING_H 1
| #define HAVE_MEMORY_H 1
| #define HAVE_STRINGS_H 1
| #define HAVE_INTTYPES_H 1
| #define HAVE_STDINT_H 1
| #define HAVE_UNISTD_H 1
| #define HAVE_DLFCN_H 1
| #define LT_OBJDIR ".libs/"
| #define HAVE_BUILTIN_BSWAP16 1
| #define HAVE_BUILTIN_BSWAP32 1
| #define HAVE_BUILTIN_BSWAP64 1
| #define HAVE_PTHREAD_PRIO_INHERIT 1
| #define WEBP_USE_THREAD 1
| #define HAVE_GLUT_GLUT_H 1
| /* end confdefs.h.  */
| 
| /* Override any GCC internal prototype to avoid an error.
|    Use char because int might match the return type of a GCC
|    builtin and then its argument prototype would still apply.  */
| #ifdef __cplusplus
| extern "C"
| #endif
| char glBegin ();
| int
| main ()
| {
| return glBegin ();
|   ;
|   return 0;
| }
configure:13977: clang -arch arm64 -o conftest -pipe -isysroot /Applications/Xcode.app/Contents/Developer/Platforms/MacOSX.platform/Developer/SDKs/MacOSX11.1.sdk/ -O3 -DNDEBUG -target arm64-apple-ios13.0-macabi -D_THREAD_SAFE -pthread   -framework GLUT -framework OpenGL  conftest.c -lOpenGL     >&5
ld: library not found for -lOpenGL
clang: error: linker command failed with exit code 1 (use -v to see invocation)
configure:13977: $? = 1
configure: failed program was:
| /* confdefs.h */
| #define PACKAGE_NAME "libwebp"
| #define PACKAGE_TARNAME "libwebp"
| #define PACKAGE_VERSION "1.2.0"
| #define PACKAGE_STRING "libwebp 1.2.0"
| #define PACKAGE_BUGREPORT "https://bugs.chromium.org/p/webp"
| #define PACKAGE_URL "http://developers.google.com/speed/webp"
| #define PACKAGE "libwebp"
| #define VERSION "1.2.0"
| #define HAVE_SYS_TYPES_H 1
| #define HAVE_SYS_STAT_H 1
| #define HAVE_STDLIB_H 1
| #define HAVE_STRING_H 1
| #define HAVE_MEMORY_H 1
| #define HAVE_STRINGS_H 1
| #define HAVE_INTTYPES_H 1
| #define HAVE_STDINT_H 1
| #define HAVE_UNISTD_H 1
| #define HAVE_DLFCN_H 1
| #define LT_OBJDIR ".libs/"
| #define HAVE_BUILTIN_BSWAP16 1
| #define HAVE_BUILTIN_BSWAP32 1
| #define HAVE_BUILTIN_BSWAP64 1
| #define HAVE_PTHREAD_PRIO_INHERIT 1
| #define WEBP_USE_THREAD 1
| #define HAVE_GLUT_GLUT_H 1
| /* end confdefs.h.  */
| 
| /* Override any GCC internal prototype to avoid an error.
|    Use char because int might match the return type of a GCC
|    builtin and then its argument prototype would still apply.  */
| #ifdef __cplusplus
| extern "C"
| #endif
| char glBegin ();
| int
| main ()
| {
| return glBegin ();
|   ;
|   return 0;
| }
configure:13977: clang -arch arm64 -o conftest -pipe -isysroot /Applications/Xcode.app/Contents/Developer/Platforms/MacOSX.platform/Developer/SDKs/MacOSX11.1.sdk/ -O3 -DNDEBUG -target arm64-apple-ios13.0-macabi -D_THREAD_SAFE -pthread   -framework GLUT -framework OpenGL  conftest.c -lopengl32     >&5
ld: library not found for -lopengl32
clang: error: linker command failed with exit code 1 (use -v to see invocation)
configure:13977: $? = 1
configure: failed program was:
| /* confdefs.h */
| #define PACKAGE_NAME "libwebp"
| #define PACKAGE_TARNAME "libwebp"
| #define PACKAGE_VERSION "1.2.0"
| #define PACKAGE_STRING "libwebp 1.2.0"
| #define PACKAGE_BUGREPORT "https://bugs.chromium.org/p/webp"
| #define PACKAGE_URL "http://developers.google.com/speed/webp"
| #define PACKAGE "libwebp"
| #define VERSION "1.2.0"
| #define HAVE_SYS_TYPES_H 1
| #define HAVE_SYS_STAT_H 1
| #define HAVE_STDLIB_H 1
| #define HAVE_STRING_H 1
| #define HAVE_MEMORY_H 1
| #define HAVE_STRINGS_H 1
| #define HAVE_INTTYPES_H 1
| #define HAVE_STDINT_H 1
| #define HAVE_UNISTD_H 1
| #define HAVE_DLFCN_H 1
| #define LT_OBJDIR ".libs/"
| #define HAVE_BUILTIN_BSWAP16 1
| #define HAVE_BUILTIN_BSWAP32 1
| #define HAVE_BUILTIN_BSWAP64 1
| #define HAVE_PTHREAD_PRIO_INHERIT 1
| #define WEBP_USE_THREAD 1
| #define HAVE_GLUT_GLUT_H 1
| /* end confdefs.h.  */
| 
| /* Override any GCC internal prototype to avoid an error.
|    Use char because int might match the return type of a GCC
|    builtin and then its argument prototype would still apply.  */
| #ifdef __cplusplus
| extern "C"
| #endif
| char glBegin ();
| int
| main ()
| {
| return glBegin ();
|   ;
|   return 0;
| }
configure:13994: result: no
configure:14031: clang -arch arm64 -o conftest -pipe -isysroot /Applications/Xcode.app/Contents/Developer/Platforms/MacOSX.platform/Developer/SDKs/MacOSX11.1.sdk/ -O3 -DNDEBUG -target arm64-apple-ios13.0-macabi -D_THREAD_SAFE -pthread   -framework GLUT -framework OpenGL  conftest.c  >&5
ld: building for Mac Catalyst, but linking in .tbd built for macOS, file '/Applications/Xcode.app/Contents/Developer/Platforms/MacOSX.platform/Developer/SDKs/MacOSX11.1.sdk/System/Library/Frameworks//GLUT.framework/GLUT.tbd' for architecture arm64
clang: error: linker command failed with exit code 1 (use -v to see invocation)
configure:14031: $? = 1
configure: failed program was:
| /* confdefs.h */
| #define PACKAGE_NAME "libwebp"
| #define PACKAGE_TARNAME "libwebp"
| #define PACKAGE_VERSION "1.2.0"
| #define PACKAGE_STRING "libwebp 1.2.0"
| #define PACKAGE_BUGREPORT "https://bugs.chromium.org/p/webp"
| #define PACKAGE_URL "http://developers.google.com/speed/webp"
| #define PACKAGE "libwebp"
| #define VERSION "1.2.0"
| #define HAVE_SYS_TYPES_H 1
| #define HAVE_SYS_STAT_H 1
| #define HAVE_STDLIB_H 1
| #define HAVE_STRING_H 1
| #define HAVE_MEMORY_H 1
| #define HAVE_STRINGS_H 1
| #define HAVE_INTTYPES_H 1
| #define HAVE_STDINT_H 1
| #define HAVE_UNISTD_H 1
| #define HAVE_DLFCN_H 1
| #define LT_OBJDIR ".libs/"
| #define HAVE_BUILTIN_BSWAP16 1
| #define HAVE_BUILTIN_BSWAP32 1
| #define HAVE_BUILTIN_BSWAP64 1
| #define HAVE_PTHREAD_PRIO_INHERIT 1
| #define WEBP_USE_THREAD 1
| #define HAVE_GLUT_GLUT_H 1
| /* end confdefs.h.  */
| 
|              #ifdef __cplusplus
|              # define EXTERN_C extern "C"
|              #else
|              # define EXTERN_C
|              #endif
|              EXTERN_C char glOrtho();
|              EXTERN_C char glutMainLoop();
| 
| int
| main ()
| {
| 
|              glOrtho();
|              glutMainLoop();
| 
|   ;
|   return 0;
| }
| 
configure:14031: clang -arch arm64 -o conftest -pipe -isysroot /Applications/Xcode.app/Contents/Developer/Platforms/MacOSX.platform/Developer/SDKs/MacOSX11.1.sdk/ -O3 -DNDEBUG -target arm64-apple-ios13.0-macabi -D_THREAD_SAFE -pthread   -framework GLUT -framework OpenGL  conftest.c -lglut >&5
ld: library not found for -lglut
clang: error: linker command failed with exit code 1 (use -v to see invocation)
configure:14031: $? = 1
configure: failed program was:
| /* confdefs.h */
| #define PACKAGE_NAME "libwebp"
| #define PACKAGE_TARNAME "libwebp"
| #define PACKAGE_VERSION "1.2.0"
| #define PACKAGE_STRING "libwebp 1.2.0"
| #define PACKAGE_BUGREPORT "https://bugs.chromium.org/p/webp"
| #define PACKAGE_URL "http://developers.google.com/speed/webp"
| #define PACKAGE "libwebp"
| #define VERSION "1.2.0"
| #define HAVE_SYS_TYPES_H 1
| #define HAVE_SYS_STAT_H 1
| #define HAVE_STDLIB_H 1
| #define HAVE_STRING_H 1
| #define HAVE_MEMORY_H 1
| #define HAVE_STRINGS_H 1
| #define HAVE_INTTYPES_H 1
| #define HAVE_STDINT_H 1
| #define HAVE_UNISTD_H 1
| #define HAVE_DLFCN_H 1
| #define LT_OBJDIR ".libs/"
| #define HAVE_BUILTIN_BSWAP16 1
| #define HAVE_BUILTIN_BSWAP32 1
| #define HAVE_BUILTIN_BSWAP64 1
| #define HAVE_PTHREAD_PRIO_INHERIT 1
| #define WEBP_USE_THREAD 1
| #define HAVE_GLUT_GLUT_H 1
| /* end confdefs.h.  */
| 
|              #ifdef __cplusplus
|              # define EXTERN_C extern "C"
|              #else
|              # define EXTERN_C
|              #endif
|              EXTERN_C char glOrtho();
|              EXTERN_C char glutMainLoop();
| 
| int
| main ()
| {
| 
|              glOrtho();
|              glutMainLoop();
| 
|   ;
|   return 0;
| }
| 
configure:14031: clang -arch arm64 -o conftest -pipe -isysroot /Applications/Xcode.app/Contents/Developer/Platforms/MacOSX.platform/Developer/SDKs/MacOSX11.1.sdk/ -O3 -DNDEBUG -target arm64-apple-ios13.0-macabi -D_THREAD_SAFE -pthread   -framework GLUT -framework OpenGL  conftest.c -lglut no >&5
clang: error: no such file or directory: 'no'
configure:14031: $? = 1
configure: failed program was:
| /* confdefs.h */
| #define PACKAGE_NAME "libwebp"
| #define PACKAGE_TARNAME "libwebp"
| #define PACKAGE_VERSION "1.2.0"
| #define PACKAGE_STRING "libwebp 1.2.0"
| #define PACKAGE_BUGREPORT "https://bugs.chromium.org/p/webp"
| #define PACKAGE_URL "http://developers.google.com/speed/webp"
| #define PACKAGE "libwebp"
| #define VERSION "1.2.0"
| #define HAVE_SYS_TYPES_H 1
| #define HAVE_SYS_STAT_H 1
| #define HAVE_STDLIB_H 1
| #define HAVE_STRING_H 1
| #define HAVE_MEMORY_H 1
| #define HAVE_STRINGS_H 1
| #define HAVE_INTTYPES_H 1
| #define HAVE_STDINT_H 1
| #define HAVE_UNISTD_H 1
| #define HAVE_DLFCN_H 1
| #define LT_OBJDIR ".libs/"
| #define HAVE_BUILTIN_BSWAP16 1
| #define HAVE_BUILTIN_BSWAP32 1
| #define HAVE_BUILTIN_BSWAP64 1
| #define HAVE_PTHREAD_PRIO_INHERIT 1
| #define WEBP_USE_THREAD 1
| #define HAVE_GLUT_GLUT_H 1
| /* end confdefs.h.  */
| 
|              #ifdef __cplusplus
|              # define EXTERN_C extern "C"
|              #else
|              # define EXTERN_C
|              #endif
|              EXTERN_C char glOrtho();
|              EXTERN_C char glutMainLoop();
| 
| int
| main ()
| {
| 
|              glOrtho();
|              glutMainLoop();
| 
|   ;
|   return 0;
| }
| 
configure:14089: checking for sdl-config
configure:14122: result: no
configure:14153: checking SDL/SDL.h usability
configure:14153: clang -arch arm64 -c -pipe -isysroot /Applications/Xcode.app/Contents/Developer/Platforms/MacOSX.platform/Developer/SDKs/MacOSX11.1.sdk/ -O3 -DNDEBUG -target arm64-apple-ios13.0-macabi -D_THREAD_SAFE -pthread   conftest.c >&5
conftest.c:61:10: fatal error: 'SDL/SDL.h' file not found
#include <SDL/SDL.h>
         ^~~~~~~~~~~
1 error generated.
configure:14153: $? = 1
configure: failed program was:
| /* confdefs.h */
| #define PACKAGE_NAME "libwebp"
| #define PACKAGE_TARNAME "libwebp"
| #define PACKAGE_VERSION "1.2.0"
| #define PACKAGE_STRING "libwebp 1.2.0"
| #define PACKAGE_BUGREPORT "https://bugs.chromium.org/p/webp"
| #define PACKAGE_URL "http://developers.google.com/speed/webp"
| #define PACKAGE "libwebp"
| #define VERSION "1.2.0"
| #define HAVE_SYS_TYPES_H 1
| #define HAVE_SYS_STAT_H 1
| #define HAVE_STDLIB_H 1
| #define HAVE_STRING_H 1
| #define HAVE_MEMORY_H 1
| #define HAVE_STRINGS_H 1
| #define HAVE_INTTYPES_H 1
| #define HAVE_STDINT_H 1
| #define HAVE_UNISTD_H 1
| #define HAVE_DLFCN_H 1
| #define LT_OBJDIR ".libs/"
| #define HAVE_BUILTIN_BSWAP16 1
| #define HAVE_BUILTIN_BSWAP32 1
| #define HAVE_BUILTIN_BSWAP64 1
| #define HAVE_PTHREAD_PRIO_INHERIT 1
| #define WEBP_USE_THREAD 1
| #define HAVE_GLUT_GLUT_H 1
| /* end confdefs.h.  */
| #include <stdio.h>
| #ifdef HAVE_SYS_TYPES_H
| # include <sys/types.h>
| #endif
| #ifdef HAVE_SYS_STAT_H
| # include <sys/stat.h>
| #endif
| #ifdef STDC_HEADERS
| # include <stdlib.h>
| # include <stddef.h>
| #else
| # ifdef HAVE_STDLIB_H
| #  include <stdlib.h>
| # endif
| #endif
| #ifdef HAVE_STRING_H
| # if !defined STDC_HEADERS && defined HAVE_MEMORY_H
| #  include <memory.h>
| # endif
| # include <string.h>
| #endif
| #ifdef HAVE_STRINGS_H
| # include <strings.h>
| #endif
| #ifdef HAVE_INTTYPES_H
| # include <inttypes.h>
| #endif
| #ifdef HAVE_STDINT_H
| # include <stdint.h>
| #endif
| #ifdef HAVE_UNISTD_H
| # include <unistd.h>
| #endif
| #include <SDL/SDL.h>
configure:14153: result: no
configure:14153: checking SDL/SDL.h presence
configure:14153: clang -arch arm64 -E   conftest.c
conftest.c:28:10: fatal error: 'SDL/SDL.h' file not found
#include <SDL/SDL.h>
         ^~~~~~~~~~~
1 error generated.
configure:14153: $? = 1
configure: failed program was:
| /* confdefs.h */
| #define PACKAGE_NAME "libwebp"
| #define PACKAGE_TARNAME "libwebp"
| #define PACKAGE_VERSION "1.2.0"
| #define PACKAGE_STRING "libwebp 1.2.0"
| #define PACKAGE_BUGREPORT "https://bugs.chromium.org/p/webp"
| #define PACKAGE_URL "http://developers.google.com/speed/webp"
| #define PACKAGE "libwebp"
| #define VERSION "1.2.0"
| #define HAVE_SYS_TYPES_H 1
| #define HAVE_SYS_STAT_H 1
| #define HAVE_STDLIB_H 1
| #define HAVE_STRING_H 1
| #define HAVE_MEMORY_H 1
| #define HAVE_STRINGS_H 1
| #define HAVE_INTTYPES_H 1
| #define HAVE_STDINT_H 1
| #define HAVE_UNISTD_H 1
| #define HAVE_DLFCN_H 1
| #define LT_OBJDIR ".libs/"
| #define HAVE_BUILTIN_BSWAP16 1
| #define HAVE_BUILTIN_BSWAP32 1
| #define HAVE_BUILTIN_BSWAP64 1
| #define HAVE_PTHREAD_PRIO_INHERIT 1
| #define WEBP_USE_THREAD 1
| #define HAVE_GLUT_GLUT_H 1
| /* end confdefs.h.  */
| #include <SDL/SDL.h>
configure:14153: result: no
configure:14153: checking for SDL/SDL.h
configure:14153: result: no
configure:14157: checking SDL.h usability
configure:14157: clang -arch arm64 -c -pipe -isysroot /Applications/Xcode.app/Contents/Developer/Platforms/MacOSX.platform/Developer/SDKs/MacOSX11.1.sdk/ -O3 -DNDEBUG -target arm64-apple-ios13.0-macabi -D_THREAD_SAFE -pthread   conftest.c >&5
conftest.c:61:10: fatal error: 'SDL.h' file not found
#include <SDL.h>
         ^~~~~~~
1 error generated.
configure:14157: $? = 1
configure: failed program was:
| /* confdefs.h */
| #define PACKAGE_NAME "libwebp"
| #define PACKAGE_TARNAME "libwebp"
| #define PACKAGE_VERSION "1.2.0"
| #define PACKAGE_STRING "libwebp 1.2.0"
| #define PACKAGE_BUGREPORT "https://bugs.chromium.org/p/webp"
| #define PACKAGE_URL "http://developers.google.com/speed/webp"
| #define PACKAGE "libwebp"
| #define VERSION "1.2.0"
| #define HAVE_SYS_TYPES_H 1
| #define HAVE_SYS_STAT_H 1
| #define HAVE_STDLIB_H 1
| #define HAVE_STRING_H 1
| #define HAVE_MEMORY_H 1
| #define HAVE_STRINGS_H 1
| #define HAVE_INTTYPES_H 1
| #define HAVE_STDINT_H 1
| #define HAVE_UNISTD_H 1
| #define HAVE_DLFCN_H 1
| #define LT_OBJDIR ".libs/"
| #define HAVE_BUILTIN_BSWAP16 1
| #define HAVE_BUILTIN_BSWAP32 1
| #define HAVE_BUILTIN_BSWAP64 1
| #define HAVE_PTHREAD_PRIO_INHERIT 1
| #define WEBP_USE_THREAD 1
| #define HAVE_GLUT_GLUT_H 1
| /* end confdefs.h.  */
| #include <stdio.h>
| #ifdef HAVE_SYS_TYPES_H
| # include <sys/types.h>
| #endif
| #ifdef HAVE_SYS_STAT_H
| # include <sys/stat.h>
| #endif
| #ifdef STDC_HEADERS
| # include <stdlib.h>
| # include <stddef.h>
| #else
| # ifdef HAVE_STDLIB_H
| #  include <stdlib.h>
| # endif
| #endif
| #ifdef HAVE_STRING_H
| # if !defined STDC_HEADERS && defined HAVE_MEMORY_H
| #  include <memory.h>
| # endif
| # include <string.h>
| #endif
| #ifdef HAVE_STRINGS_H
| # include <strings.h>
| #endif
| #ifdef HAVE_INTTYPES_H
| # include <inttypes.h>
| #endif
| #ifdef HAVE_STDINT_H
| # include <stdint.h>
| #endif
| #ifdef HAVE_UNISTD_H
| # include <unistd.h>
| #endif
| #include <SDL.h>
configure:14157: result: no
configure:14157: checking SDL.h presence
configure:14157: clang -arch arm64 -E   conftest.c
conftest.c:28:10: fatal error: 'SDL.h' file not found
#include <SDL.h>
         ^~~~~~~
1 error generated.
configure:14157: $? = 1
configure: failed program was:
| /* confdefs.h */
| #define PACKAGE_NAME "libwebp"
| #define PACKAGE_TARNAME "libwebp"
| #define PACKAGE_VERSION "1.2.0"
| #define PACKAGE_STRING "libwebp 1.2.0"
| #define PACKAGE_BUGREPORT "https://bugs.chromium.org/p/webp"
| #define PACKAGE_URL "http://developers.google.com/speed/webp"
| #define PACKAGE "libwebp"
| #define VERSION "1.2.0"
| #define HAVE_SYS_TYPES_H 1
| #define HAVE_SYS_STAT_H 1
| #define HAVE_STDLIB_H 1
| #define HAVE_STRING_H 1
| #define HAVE_MEMORY_H 1
| #define HAVE_STRINGS_H 1
| #define HAVE_INTTYPES_H 1
| #define HAVE_STDINT_H 1
| #define HAVE_UNISTD_H 1
| #define HAVE_DLFCN_H 1
| #define LT_OBJDIR ".libs/"
| #define HAVE_BUILTIN_BSWAP16 1
| #define HAVE_BUILTIN_BSWAP32 1
| #define HAVE_BUILTIN_BSWAP64 1
| #define HAVE_PTHREAD_PRIO_INHERIT 1
| #define WEBP_USE_THREAD 1
| #define HAVE_GLUT_GLUT_H 1
| /* end confdefs.h.  */
| #include <SDL.h>
configure:14157: result: no
configure:14157: checking for SDL.h
configure:14157: result: no
configure:14161: WARNING: SDL library not available - no sdl.h
configure:14223: WARNING: Optional SDL library not found
configure:14252: checking for libpng-config
configure:14270: found /usr/local/bin/libpng-config
configure:14282: result: /usr/local/bin/libpng-config
configure:14315: checking png.h usability
configure:14315: clang -arch arm64 -c -pipe -isysroot /Applications/Xcode.app/Contents/Developer/Platforms/MacOSX.platform/Developer/SDKs/MacOSX11.1.sdk/ -O3 -DNDEBUG -target arm64-apple-ios13.0-macabi -D_THREAD_SAFE -pthread -I/usr/local/Cellar/libpng/1.6.37/include/libpng16  conftest.c >&5
configure:14315: $? = 0
configure:14315: result: yes
configure:14315: checking png.h presence
configure:14315: clang -arch arm64 -E -I/usr/local/Cellar/libpng/1.6.37/include/libpng16  conftest.c
In file included from conftest.c:28:
In file included from /usr/local/Cellar/libpng/1.6.37/include/libpng16/png.h:335:
/usr/local/Cellar/libpng/1.6.37/include/libpng16/pngconf.h:46:12: fatal error: 'stdio.h' file not found
#  include <stdio.h>
           ^~~~~~~~~
1 error generated.
configure:14315: $? = 1
configure: failed program was:
| /* confdefs.h */
| #define PACKAGE_NAME "libwebp"
| #define PACKAGE_TARNAME "libwebp"
| #define PACKAGE_VERSION "1.2.0"
| #define PACKAGE_STRING "libwebp 1.2.0"
| #define PACKAGE_BUGREPORT "https://bugs.chromium.org/p/webp"
| #define PACKAGE_URL "http://developers.google.com/speed/webp"
| #define PACKAGE "libwebp"
| #define VERSION "1.2.0"
| #define HAVE_SYS_TYPES_H 1
| #define HAVE_SYS_STAT_H 1
| #define HAVE_STDLIB_H 1
| #define HAVE_STRING_H 1
| #define HAVE_MEMORY_H 1
| #define HAVE_STRINGS_H 1
| #define HAVE_INTTYPES_H 1
| #define HAVE_STDINT_H 1
| #define HAVE_UNISTD_H 1
| #define HAVE_DLFCN_H 1
| #define LT_OBJDIR ".libs/"
| #define HAVE_BUILTIN_BSWAP16 1
| #define HAVE_BUILTIN_BSWAP32 1
| #define HAVE_BUILTIN_BSWAP64 1
| #define HAVE_PTHREAD_PRIO_INHERIT 1
| #define WEBP_USE_THREAD 1
| #define HAVE_GLUT_GLUT_H 1
| /* end confdefs.h.  */
| #include <png.h>
configure:14315: result: no
configure:14315: WARNING: png.h: accepted by the compiler, rejected by the preprocessor!
configure:14315: WARNING: png.h: proceeding with the compiler's result
configure:14315: checking for png.h
configure:14315: result: yes
configure:14317: checking for library containing png_get_libpng_ver
configure:14348: clang -arch arm64 -o conftest -pipe -isysroot /Applications/Xcode.app/Contents/Developer/Platforms/MacOSX.platform/Developer/SDKs/MacOSX11.1.sdk/ -O3 -DNDEBUG -target arm64-apple-ios13.0-macabi -D_THREAD_SAFE -pthread -I/usr/local/Cellar/libpng/1.6.37/include/libpng16   conftest.c -L/usr/local/Cellar/libpng/1.6.37/lib -lpng16   >&5
ld: warning: ignoring file /usr/local/Cellar/libpng/1.6.37/lib/libpng16.dylib, building for Mac Catalyst-arm64 but attempting to link with file built for macOS-x86_64
Undefined symbols for architecture arm64:
  "_png_get_libpng_ver", referenced from:
      _main in conftest-4f6f98.o
ld: symbol(s) not found for architecture arm64
clang: error: linker command failed with exit code 1 (use -v to see invocation)
configure:14348: $? = 1
configure: failed program was:
| /* confdefs.h */
| #define PACKAGE_NAME "libwebp"
| #define PACKAGE_TARNAME "libwebp"
| #define PACKAGE_VERSION "1.2.0"
| #define PACKAGE_STRING "libwebp 1.2.0"
| #define PACKAGE_BUGREPORT "https://bugs.chromium.org/p/webp"
| #define PACKAGE_URL "http://developers.google.com/speed/webp"
| #define PACKAGE "libwebp"
| #define VERSION "1.2.0"
| #define HAVE_SYS_TYPES_H 1
| #define HAVE_SYS_STAT_H 1
| #define HAVE_STDLIB_H 1
| #define HAVE_STRING_H 1
| #define HAVE_MEMORY_H 1
| #define HAVE_STRINGS_H 1
| #define HAVE_INTTYPES_H 1
| #define HAVE_STDINT_H 1
| #define HAVE_UNISTD_H 1
| #define HAVE_DLFCN_H 1
| #define LT_OBJDIR ".libs/"
| #define HAVE_BUILTIN_BSWAP16 1
| #define HAVE_BUILTIN_BSWAP32 1
| #define HAVE_BUILTIN_BSWAP64 1
| #define HAVE_PTHREAD_PRIO_INHERIT 1
| #define WEBP_USE_THREAD 1
| #define HAVE_GLUT_GLUT_H 1
| /* end confdefs.h.  */
| 
| /* Override any GCC internal prototype to avoid an error.
|    Use char because int might match the return type of a GCC
|    builtin and then its argument prototype would still apply.  */
| #ifdef __cplusplus
| extern "C"
| #endif
| char png_get_libpng_ver ();
| int
| main ()
| {
| return png_get_libpng_ver ();
|   ;
|   return 0;
| }
configure:14348: clang -arch arm64 -o conftest -pipe -isysroot /Applications/Xcode.app/Contents/Developer/Platforms/MacOSX.platform/Developer/SDKs/MacOSX11.1.sdk/ -O3 -DNDEBUG -target arm64-apple-ios13.0-macabi -D_THREAD_SAFE -pthread -I/usr/local/Cellar/libpng/1.6.37/include/libpng16   conftest.c -lpng  -L/usr/local/Cellar/libpng/1.6.37/lib -lpng16   >&5
ld: warning: ignoring file /usr/local/Cellar/libpng/1.6.37/lib/libpng.dylib, building for Mac Catalyst-arm64 but attempting to link with file built for macOS-x86_64
ld: warning: ignoring file /usr/local/Cellar/libpng/1.6.37/lib/libpng16.dylib, building for Mac Catalyst-arm64 but attempting to link with file built for macOS-x86_64
Undefined symbols for architecture arm64:
  "_png_get_libpng_ver", referenced from:
      _main in conftest-e28502.o
ld: symbol(s) not found for architecture arm64
clang: error: linker command failed with exit code 1 (use -v to see invocation)
configure:14348: $? = 1
configure: failed program was:
| /* confdefs.h */
| #define PACKAGE_NAME "libwebp"
| #define PACKAGE_TARNAME "libwebp"
| #define PACKAGE_VERSION "1.2.0"
| #define PACKAGE_STRING "libwebp 1.2.0"
| #define PACKAGE_BUGREPORT "https://bugs.chromium.org/p/webp"
| #define PACKAGE_URL "http://developers.google.com/speed/webp"
| #define PACKAGE "libwebp"
| #define VERSION "1.2.0"
| #define HAVE_SYS_TYPES_H 1
| #define HAVE_SYS_STAT_H 1
| #define HAVE_STDLIB_H 1
| #define HAVE_STRING_H 1
| #define HAVE_MEMORY_H 1
| #define HAVE_STRINGS_H 1
| #define HAVE_INTTYPES_H 1
| #define HAVE_STDINT_H 1
| #define HAVE_UNISTD_H 1
| #define HAVE_DLFCN_H 1
| #define LT_OBJDIR ".libs/"
| #define HAVE_BUILTIN_BSWAP16 1
| #define HAVE_BUILTIN_BSWAP32 1
| #define HAVE_BUILTIN_BSWAP64 1
| #define HAVE_PTHREAD_PRIO_INHERIT 1
| #define WEBP_USE_THREAD 1
| #define HAVE_GLUT_GLUT_H 1
| /* end confdefs.h.  */
| 
| /* Override any GCC internal prototype to avoid an error.
|    Use char because int might match the return type of a GCC
|    builtin and then its argument prototype would still apply.  */
| #ifdef __cplusplus
| extern "C"
| #endif
| char png_get_libpng_ver ();
| int
| main ()
| {
| return png_get_libpng_ver ();
|   ;
|   return 0;
| }
configure:14365: result: no
configure:14379: WARNING: Optional png library not found
configure:14428: checking jpeglib.h usability
configure:14428: clang -arch arm64 -c -pipe -isysroot /Applications/Xcode.app/Contents/Developer/Platforms/MacOSX.platform/Developer/SDKs/MacOSX11.1.sdk/ -O3 -DNDEBUG -target arm64-apple-ios13.0-macabi -D_THREAD_SAFE -pthread   conftest.c >&5
conftest.c:61:10: fatal error: 'jpeglib.h' file not found
#include <jpeglib.h>
         ^~~~~~~~~~~
1 error generated.
configure:14428: $? = 1
configure: failed program was:
| /* confdefs.h */
| #define PACKAGE_NAME "libwebp"
| #define PACKAGE_TARNAME "libwebp"
| #define PACKAGE_VERSION "1.2.0"
| #define PACKAGE_STRING "libwebp 1.2.0"
| #define PACKAGE_BUGREPORT "https://bugs.chromium.org/p/webp"
| #define PACKAGE_URL "http://developers.google.com/speed/webp"
| #define PACKAGE "libwebp"
| #define VERSION "1.2.0"
| #define HAVE_SYS_TYPES_H 1
| #define HAVE_SYS_STAT_H 1
| #define HAVE_STDLIB_H 1
| #define HAVE_STRING_H 1
| #define HAVE_MEMORY_H 1
| #define HAVE_STRINGS_H 1
| #define HAVE_INTTYPES_H 1
| #define HAVE_STDINT_H 1
| #define HAVE_UNISTD_H 1
| #define HAVE_DLFCN_H 1
| #define LT_OBJDIR ".libs/"
| #define HAVE_BUILTIN_BSWAP16 1
| #define HAVE_BUILTIN_BSWAP32 1
| #define HAVE_BUILTIN_BSWAP64 1
| #define HAVE_PTHREAD_PRIO_INHERIT 1
| #define WEBP_USE_THREAD 1
| #define HAVE_GLUT_GLUT_H 1
| /* end confdefs.h.  */
| #include <stdio.h>
| #ifdef HAVE_SYS_TYPES_H
| # include <sys/types.h>
| #endif
| #ifdef HAVE_SYS_STAT_H
| # include <sys/stat.h>
| #endif
| #ifdef STDC_HEADERS
| # include <stdlib.h>
| # include <stddef.h>
| #else
| # ifdef HAVE_STDLIB_H
| #  include <stdlib.h>
| # endif
| #endif
| #ifdef HAVE_STRING_H
| # if !defined STDC_HEADERS && defined HAVE_MEMORY_H
| #  include <memory.h>
| # endif
| # include <string.h>
| #endif
| #ifdef HAVE_STRINGS_H
| # include <strings.h>
| #endif
| #ifdef HAVE_INTTYPES_H
| # include <inttypes.h>
| #endif
| #ifdef HAVE_STDINT_H
| # include <stdint.h>
| #endif
| #ifdef HAVE_UNISTD_H
| # include <unistd.h>
| #endif
| #include <jpeglib.h>
configure:14428: result: no
configure:14428: checking jpeglib.h presence
configure:14428: clang -arch arm64 -E   conftest.c
configure:14428: $? = 0
configure:14428: result: yes
configure:14428: WARNING: jpeglib.h: present but cannot be compiled
configure:14428: WARNING: jpeglib.h:     check for missing prerequisite headers?
configure:14428: WARNING: jpeglib.h: see the Autoconf documentation
configure:14428: WARNING: jpeglib.h:     section "Present But Cannot Be Compiled"
configure:14428: WARNING: jpeglib.h: proceeding with the compiler's result
configure:14428: checking for jpeglib.h
configure:14428: result: no
configure:14480: WARNING: jpeg library not available - no jpeglib.h
configure:14519: checking tiffio.h usability
configure:14519: clang -arch arm64 -c -pipe -isysroot /Applications/Xcode.app/Contents/Developer/Platforms/MacOSX.platform/Developer/SDKs/MacOSX11.1.sdk/ -O3 -DNDEBUG -target arm64-apple-ios13.0-macabi -D_THREAD_SAFE -pthread   conftest.c >&5
conftest.c:61:10: fatal error: 'tiffio.h' file not found
#include <tiffio.h>
         ^~~~~~~~~~
1 error generated.
configure:14519: $? = 1
configure: failed program was:
| /* confdefs.h */
| #define PACKAGE_NAME "libwebp"
| #define PACKAGE_TARNAME "libwebp"
| #define PACKAGE_VERSION "1.2.0"
| #define PACKAGE_STRING "libwebp 1.2.0"
| #define PACKAGE_BUGREPORT "https://bugs.chromium.org/p/webp"
| #define PACKAGE_URL "http://developers.google.com/speed/webp"
| #define PACKAGE "libwebp"
| #define VERSION "1.2.0"
| #define HAVE_SYS_TYPES_H 1
| #define HAVE_SYS_STAT_H 1
| #define HAVE_STDLIB_H 1
| #define HAVE_STRING_H 1
| #define HAVE_MEMORY_H 1
| #define HAVE_STRINGS_H 1
| #define HAVE_INTTYPES_H 1
| #define HAVE_STDINT_H 1
| #define HAVE_UNISTD_H 1
| #define HAVE_DLFCN_H 1
| #define LT_OBJDIR ".libs/"
| #define HAVE_BUILTIN_BSWAP16 1
| #define HAVE_BUILTIN_BSWAP32 1
| #define HAVE_BUILTIN_BSWAP64 1
| #define HAVE_PTHREAD_PRIO_INHERIT 1
| #define WEBP_USE_THREAD 1
| #define HAVE_GLUT_GLUT_H 1
| /* end confdefs.h.  */
| #include <stdio.h>
| #ifdef HAVE_SYS_TYPES_H
| # include <sys/types.h>
| #endif
| #ifdef HAVE_SYS_STAT_H
| # include <sys/stat.h>
| #endif
| #ifdef STDC_HEADERS
| # include <stdlib.h>
| # include <stddef.h>
| #else
| # ifdef HAVE_STDLIB_H
| #  include <stdlib.h>
| # endif
| #endif
| #ifdef HAVE_STRING_H
| # if !defined STDC_HEADERS && defined HAVE_MEMORY_H
| #  include <memory.h>
| # endif
| # include <string.h>
| #endif
| #ifdef HAVE_STRINGS_H
| # include <strings.h>
| #endif
| #ifdef HAVE_INTTYPES_H
| # include <inttypes.h>
| #endif
| #ifdef HAVE_STDINT_H
| # include <stdint.h>
| #endif
| #ifdef HAVE_UNISTD_H
| # include <unistd.h>
| #endif
| #include <tiffio.h>
configure:14519: result: no
configure:14519: checking tiffio.h presence
configure:14519: clang -arch arm64 -E   conftest.c
In file included from conftest.c:28:
In file included from /usr/local/include/tiffio.h:31:
In file included from /usr/local/include/tiff.h:28:
In file included from /usr/local/include/tiffconf.h:14:
/Applications/Xcode.app/Contents/Developer/Toolchains/XcodeDefault.xctoolchain/usr/lib/clang/12.0.0/include/inttypes.h:21:15: fatal error: 'inttypes.h' file not found
#include_next <inttypes.h>
              ^~~~~~~~~~~~
1 error generated.
configure:14519: $? = 1
configure: failed program was:
| /* confdefs.h */
| #define PACKAGE_NAME "libwebp"
| #define PACKAGE_TARNAME "libwebp"
| #define PACKAGE_VERSION "1.2.0"
| #define PACKAGE_STRING "libwebp 1.2.0"
| #define PACKAGE_BUGREPORT "https://bugs.chromium.org/p/webp"
| #define PACKAGE_URL "http://developers.google.com/speed/webp"
| #define PACKAGE "libwebp"
| #define VERSION "1.2.0"
| #define HAVE_SYS_TYPES_H 1
| #define HAVE_SYS_STAT_H 1
| #define HAVE_STDLIB_H 1
| #define HAVE_STRING_H 1
| #define HAVE_MEMORY_H 1
| #define HAVE_STRINGS_H 1
| #define HAVE_INTTYPES_H 1
| #define HAVE_STDINT_H 1
| #define HAVE_UNISTD_H 1
| #define HAVE_DLFCN_H 1
| #define LT_OBJDIR ".libs/"
| #define HAVE_BUILTIN_BSWAP16 1
| #define HAVE_BUILTIN_BSWAP32 1
| #define HAVE_BUILTIN_BSWAP64 1
| #define HAVE_PTHREAD_PRIO_INHERIT 1
| #define WEBP_USE_THREAD 1
| #define HAVE_GLUT_GLUT_H 1
| /* end confdefs.h.  */
| #include <tiffio.h>
configure:14519: result: no
configure:14519: checking for tiffio.h
configure:14519: result: no
configure:14571: WARNING: tiff library not available - no tiffio.h
configure:14610: checking gif_lib.h usability
configure:14610: clang -arch arm64 -c -pipe -isysroot /Applications/Xcode.app/Contents/Developer/Platforms/MacOSX.platform/Developer/SDKs/MacOSX11.1.sdk/ -O3 -DNDEBUG -target arm64-apple-ios13.0-macabi -D_THREAD_SAFE -pthread   conftest.c >&5
conftest.c:61:10: fatal error: 'gif_lib.h' file not found
#include <gif_lib.h>
         ^~~~~~~~~~~
1 error generated.
configure:14610: $? = 1
configure: failed program was:
| /* confdefs.h */
| #define PACKAGE_NAME "libwebp"
| #define PACKAGE_TARNAME "libwebp"
| #define PACKAGE_VERSION "1.2.0"
| #define PACKAGE_STRING "libwebp 1.2.0"
| #define PACKAGE_BUGREPORT "https://bugs.chromium.org/p/webp"
| #define PACKAGE_URL "http://developers.google.com/speed/webp"
| #define PACKAGE "libwebp"
| #define VERSION "1.2.0"
| #define HAVE_SYS_TYPES_H 1
| #define HAVE_SYS_STAT_H 1
| #define HAVE_STDLIB_H 1
| #define HAVE_STRING_H 1
| #define HAVE_MEMORY_H 1
| #define HAVE_STRINGS_H 1
| #define HAVE_INTTYPES_H 1
| #define HAVE_STDINT_H 1
| #define HAVE_UNISTD_H 1
| #define HAVE_DLFCN_H 1
| #define LT_OBJDIR ".libs/"
| #define HAVE_BUILTIN_BSWAP16 1
| #define HAVE_BUILTIN_BSWAP32 1
| #define HAVE_BUILTIN_BSWAP64 1
| #define HAVE_PTHREAD_PRIO_INHERIT 1
| #define WEBP_USE_THREAD 1
| #define HAVE_GLUT_GLUT_H 1
| /* end confdefs.h.  */
| #include <stdio.h>
| #ifdef HAVE_SYS_TYPES_H
| # include <sys/types.h>
| #endif
| #ifdef HAVE_SYS_STAT_H
| # include <sys/stat.h>
| #endif
| #ifdef STDC_HEADERS
| # include <stdlib.h>
| # include <stddef.h>
| #else
| # ifdef HAVE_STDLIB_H
| #  include <stdlib.h>
| # endif
| #endif
| #ifdef HAVE_STRING_H
| # if !defined STDC_HEADERS && defined HAVE_MEMORY_H
| #  include <memory.h>
| # endif
| # include <string.h>
| #endif
| #ifdef HAVE_STRINGS_H
| # include <strings.h>
| #endif
| #ifdef HAVE_INTTYPES_H
| # include <inttypes.h>
| #endif
| #ifdef HAVE_STDINT_H
| # include <stdint.h>
| #endif
| #ifdef HAVE_UNISTD_H
| # include <unistd.h>
| #endif
| #include <gif_lib.h>
configure:14610: result: no
configure:14610: checking gif_lib.h presence
configure:14610: clang -arch arm64 -E   conftest.c
configure:14610: $? = 0
configure:14610: result: yes
configure:14610: WARNING: gif_lib.h: present but cannot be compiled
configure:14610: WARNING: gif_lib.h:     check for missing prerequisite headers?
configure:14610: WARNING: gif_lib.h: see the Autoconf documentation
configure:14610: WARNING: gif_lib.h:     section "Present But Cannot Be Compiled"
configure:14610: WARNING: gif_lib.h: proceeding with the compiler's result
configure:14610: checking for gif_lib.h
configure:14610: result: no
configure:14661: WARNING: gif library not available - no gif_lib.h
configure:14810: checking if --enable-swap-16bit-csp option is specified
configure:14820: result: yes
configure:14828: checking if --disable-near-lossless option is specified
configure:14844: result: no
configure:14848: checking whether libwebpmux is to be built
configure:14855: result: yes
configure:14866: checking whether libwebpdemux is to be built
configure:14875: result: yes
configure:14886: checking whether decoder library is to be built
configure:14893: result: yes
configure:14904: checking whether libwebpextras is to be built
configure:14911: result: no
configure:15039: checking that generated files are newer than configure
configure:15045: result: done
configure:15109: creating ./config.status

## ---------------------- ##
## Running config.status. ##
## ---------------------- ##

This file was extended by libwebp config.status 1.2.0, which was
generated by GNU Autoconf 2.69.  Invocation command line was

  CONFIG_FILES    = 
  CONFIG_HEADERS  = 
  CONFIG_LINKS    = 
  CONFIG_COMMANDS = 
  $ ./config.status 

on UNIT-1918

config.status:1150: creating Makefile
config.status:1150: creating src/Makefile
config.status:1150: creating man/Makefile
config.status:1150: creating examples/Makefile
config.status:1150: creating extras/Makefile
config.status:1150: creating imageio/Makefile
config.status:1150: creating src/dec/Makefile
config.status:1150: creating src/enc/Makefile
config.status:1150: creating src/dsp/Makefile
config.status:1150: creating src/demux/Makefile
config.status:1150: creating src/mux/Makefile
config.status:1150: creating src/utils/Makefile
config.status:1150: creating src/libwebp.pc
config.status:1150: creating src/libwebpdecoder.pc
config.status:1150: creating src/demux/libwebpdemux.pc
config.status:1150: creating src/mux/libwebpmux.pc
config.status:1150: creating src/webp/config.h
config.status:1379: executing depfiles commands
config.status:1456: cd examples       && sed -e '/# am--include-marker/d' Makefile         | make -f - am--depfiles
make: Nothing to be done for `am--depfiles'.
config.status:1461: $? = 0
config.status:1456: cd extras       && sed -e '/# am--include-marker/d' Makefile         | make -f - am--depfiles
make: Nothing to be done for `am--depfiles'.
config.status:1461: $? = 0
config.status:1456: cd imageio       && sed -e '/# am--include-marker/d' Makefile         | make -f - am--depfiles
make: Nothing to be done for `am--depfiles'.
config.status:1461: $? = 0
config.status:1456: cd src/dec       && sed -e '/# am--include-marker/d' Makefile         | make -f - am--depfiles
config.status:1461: $? = 0
config.status:1456: cd src/enc       && sed -e '/# am--include-marker/d' Makefile         | make -f - am--depfiles
config.status:1461: $? = 0
config.status:1456: cd src/dsp       && sed -e '/# am--include-marker/d' Makefile         | make -f - am--depfiles
config.status:1461: $? = 0
config.status:1456: cd src/demux       && sed -e '/# am--include-marker/d' Makefile         | make -f - am--depfiles
config.status:1461: $? = 0
config.status:1456: cd src/mux       && sed -e '/# am--include-marker/d' Makefile         | make -f - am--depfiles
config.status:1461: $? = 0
config.status:1456: cd src/utils       && sed -e '/# am--include-marker/d' Makefile         | make -f - am--depfiles
config.status:1461: $? = 0
config.status:1379: executing libtool commands
configure:17307:
WebP Configuration Summary
--------------------------

Shared libraries: no
Static libraries: yes
Threading support: yes
libwebp: yes
libwebpdecoder: yes
libwebpdemux: yes
libwebpmux: yes
libwebpextras: no

Tools:
cwebp : yes
  Input format support
  ====================
  JPEG : no
  PNG  : no
  TIFF : no
  WIC  : no
dwebp : yes
  Output format support
  =====================
  PNG  : no
  WIC  : no
GIF support : no
anim_diff   : no
gif2webp    : no
img2webp    : no
webpmux     : yes
vwebp       : no
webpinfo    : yes
SDL support : no
vwebp_sdl   : no


## ---------------- ##
## Cache variables. ##
## ---------------- ##

ac_cv_build=x86_64-apple-darwin20.4.0
ac_cv_c_bigendian=no
ac_cv_c_compiler_gnu=yes
ac_cv_env_CC_set=set
ac_cv_env_CC_value='clang -arch arm64'
ac_cv_env_CFLAGS_set=set
ac_cv_env_CFLAGS_value='-pipe -isysroot /Applications/Xcode.app/Contents/Developer/Platforms/MacOSX.platform/Developer/SDKs/MacOSX11.1.sdk/ -O3 -DNDEBUG -target arm64-apple-ios13.0-macabi'
ac_cv_env_CPPFLAGS_set=
ac_cv_env_CPPFLAGS_value=
ac_cv_env_CPP_set=
ac_cv_env_CPP_value=
ac_cv_env_LDFLAGS_set=
ac_cv_env_LDFLAGS_value=
ac_cv_env_LIBS_set=
ac_cv_env_LIBS_value=
ac_cv_env_LT_SYS_LIBRARY_PATH_set=
ac_cv_env_LT_SYS_LIBRARY_PATH_value=
ac_cv_env_build_alias_set=set
ac_cv_env_build_alias_value=x86_64-apple-darwin20.4.0
ac_cv_env_host_alias_set=set
ac_cv_env_host_alias_value=aarch64-apple-darwin
ac_cv_env_target_alias_set=
ac_cv_env_target_alias_value=
ac_cv_header_GLUT_glut_h=yes
ac_cv_header_GL_glut_h=no
ac_cv_header_SDL_SDL_h=no
ac_cv_header_SDL_h=no
ac_cv_header_dlfcn_h=yes
ac_cv_header_emmintrin_h=no
ac_cv_header_gif_lib_h=no
ac_cv_header_inttypes_h=yes
ac_cv_header_jpeglib_h=no
ac_cv_header_memory_h=yes
ac_cv_header_png_h=yes
ac_cv_header_smmintrin_h=no
ac_cv_header_stdc=no
ac_cv_header_stdint_h=yes
ac_cv_header_stdlib_h=yes
ac_cv_header_string_h=yes
ac_cv_header_strings_h=yes
ac_cv_header_sys_stat_h=yes
ac_cv_header_sys_types_h=yes
ac_cv_header_tiffio_h=no
ac_cv_header_unistd_h=yes
ac_cv_host=aarch64-apple-darwin
ac_cv_objext=o
ac_cv_path_EGREP='/usr/bin/grep -E'
ac_cv_path_FGREP='/usr/bin/grep -F'
ac_cv_path_GREP=/usr/bin/grep
ac_cv_path_LIBPNG_CONFIG=/usr/local/bin/libpng-config
ac_cv_path_SED=/usr/bin/sed
ac_cv_path_install='/usr/bin/install -c'
ac_cv_path_lt_DD=/bin/dd
ac_cv_prog_AR=ar
ac_cv_prog_AWK=awk
ac_cv_prog_CC='clang -arch arm64'
ac_cv_prog_CPP='clang -arch arm64 -E'
ac_cv_prog_STRIP=strip
ac_cv_prog_ac_ct_AR=ar
ac_cv_prog_ac_ct_DSYMUTIL=dsymutil
ac_cv_prog_ac_ct_DUMPBIN='link -dump'
ac_cv_prog_ac_ct_LIPO=lipo
ac_cv_prog_ac_ct_NMEDIT=nmedit
ac_cv_prog_ac_ct_OBJDUMP=objdump
ac_cv_prog_ac_ct_OTOOL=otool
ac_cv_prog_ac_ct_RANLIB=ranlib
ac_cv_prog_ac_ct_STRIP=strip
ac_cv_prog_cc_c89=
ac_cv_prog_cc_g=yes
ac_cv_prog_make_make_set=yes
ac_cv_search_glBegin=no
ac_cv_search_png_get_libpng_ver=no
am_cv_CC_dependencies_compiler_type=gcc3
am_cv_ar_interface=ar
am_cv_make_support_nested_variables=yes
am_cv_prog_cc_c_o=yes
ax_cv_PTHREAD_PRIO_INHERIT=yes
lt_cv_apple_cc_single_mod=yes
lt_cv_ar_at_file=no
lt_cv_deplibs_check_method=pass_all
lt_cv_file_magic_cmd='$MAGIC_CMD'
lt_cv_file_magic_test_file=
lt_cv_ld_exported_symbols_list=yes
lt_cv_ld_force_load=yes
lt_cv_ld_reload_flag=-r
lt_cv_nm_interface='BSD nm'
lt_cv_objdir=.libs
lt_cv_path_LD=/Applications/Xcode.app/Contents/Developer/Toolchains/XcodeDefault.xctoolchain/usr/bin/ld
lt_cv_path_NM=no
lt_cv_path_mainfest_tool=no
lt_cv_prog_compiler_c_o=yes
lt_cv_prog_compiler_pic='-fno-common -DPIC'
lt_cv_prog_compiler_pic_works=yes
lt_cv_prog_compiler_rtti_exceptions=yes
lt_cv_prog_compiler_static_works=no
lt_cv_prog_gnu_ld=no
lt_cv_sharedlib_from_linklib_cmd='printf %s\n'
lt_cv_sys_global_symbol_pipe='sed -n -e '\''s/^.*[	 ]\([BCDEGRST][BCDEGRST]*\)[	 ][	 ]*_\([_A-Za-z][_A-Za-z0-9]*\)$/\1 _\2 \2/p'\'' | sed '\''/ __gnu_lto/d'\'''
lt_cv_sys_global_symbol_to_c_name_address='sed -n -e '\''s/^: \(.*\) .*$/  {"\1", (void *) 0},/p'\'' -e '\''s/^[BCDEGRST][BCDEGRST]* .* \(.*\)$/  {"\1", (void *) \&\1},/p'\'''
lt_cv_sys_global_symbol_to_c_name_address_lib_prefix='sed -n -e '\''s/^: \(.*\) .*$/  {"\1", (void *) 0},/p'\'' -e '\''s/^[BCDEGRST][BCDEGRST]* .* \(lib.*\)$/  {"\1", (void *) \&\1},/p'\'' -e '\''s/^[BCDEGRST][BCDEGRST]* .* \(.*\)$/  {"lib\1", (void *) \&\1},/p'\'''
lt_cv_sys_global_symbol_to_cdecl='sed -n -e '\''s/^T .* \(.*\)$/extern int \1();/p'\'' -e '\''s/^[BCDEGRST][BCDEGRST]* .* \(.*\)$/extern char \1;/p'\'''
lt_cv_sys_global_symbol_to_import=
lt_cv_sys_max_cmd_len=786432
lt_cv_to_host_file_cmd=func_convert_file_noop
lt_cv_to_tool_file_cmd=func_convert_file_noop
lt_cv_truncate_bin='/bin/dd bs=4096 count=1'

## ----------------- ##
## Output variables. ##
## ----------------- ##

ACLOCAL='${SHELL} '\''/Users/Andrey.Yastrebov/JB/forks/libwebp/missing'\'' aclocal-1.16'
AMDEPBACKSLASH='\'
AMDEP_FALSE='#'
AMDEP_TRUE=''
AMTAR='$${TAR-tar}'
AM_BACKSLASH='\'
AM_CFLAGS=' -fvisibility=hidden -Wall -Wconstant-conversion -Wdeclaration-after-statement -Wextra -Wfloat-conversion -Wformat -Wformat-nonliteral -Wformat -Wformat-security -Wmissing-declarations -Wmissing-prototypes -Wold-style-definition -Wparentheses-equality -Wshadow -Wshorten-64-to-32 -Wundef -Wunreachable-code-aggressive -Wunreachable-code -Wunused -Wvla -Wno-deprecated-declarations'
AM_CPPFLAGS=' -DNDEBUG'
AM_DEFAULT_V='$(AM_DEFAULT_VERBOSITY)'
AM_DEFAULT_VERBOSITY='0'
AM_V='$(V)'
AR='ar'
AUTOCONF='${SHELL} '\''/Users/Andrey.Yastrebov/JB/forks/libwebp/missing'\'' autoconf'
AUTOHEADER='${SHELL} '\''/Users/Andrey.Yastrebov/JB/forks/libwebp/missing'\'' autoheader'
AUTOMAKE='${SHELL} '\''/Users/Andrey.Yastrebov/JB/forks/libwebp/missing'\'' automake-1.16'
AWK='awk'
BUILD_ANIMDIFF_FALSE=''
BUILD_ANIMDIFF_TRUE='#'
BUILD_DEMUX_FALSE='#'
BUILD_DEMUX_TRUE=''
BUILD_EXTRAS_FALSE=''
BUILD_EXTRAS_TRUE='#'
BUILD_GIF2WEBP_FALSE=''
BUILD_GIF2WEBP_TRUE='#'
BUILD_IMG2WEBP_FALSE=''
BUILD_IMG2WEBP_TRUE='#'
BUILD_LIBWEBPDECODER_FALSE='#'
BUILD_LIBWEBPDECODER_TRUE=''
BUILD_MUX_FALSE='#'
BUILD_MUX_TRUE=''
BUILD_VWEBP_FALSE=''
BUILD_VWEBP_SDL_FALSE=''
BUILD_VWEBP_SDL_TRUE='#'
BUILD_VWEBP_TRUE='#'
BUILD_WEBPINFO_FALSE='#'
BUILD_WEBPINFO_TRUE=''
CC='clang -arch arm64'
CCDEPMODE='depmode=gcc3'
CFLAGS='-pipe -isysroot /Applications/Xcode.app/Contents/Developer/Platforms/MacOSX.platform/Developer/SDKs/MacOSX11.1.sdk/ -O3 -DNDEBUG -target arm64-apple-ios13.0-macabi -D_THREAD_SAFE -pthread'
CPP='clang -arch arm64 -E'
CPPFLAGS=''
CYGPATH_W='echo'
DEFS='-DHAVE_CONFIG_H'
DEPDIR='.deps'
DLLTOOL='false'
DSYMUTIL='dsymutil'
DUMPBIN=':'
ECHO_C='\c'
ECHO_N=''
ECHO_T=''
EGREP='/usr/bin/grep -E'
EXEEXT=''
FGREP='/usr/bin/grep -F'
GIF_INCLUDES=''
GIF_LIBS=''
GL_INCLUDES=''
GL_LIBS=''
GREP='/usr/bin/grep'
INSTALL_DATA='${INSTALL} -m 644'
INSTALL_PROGRAM='${INSTALL}'
INSTALL_SCRIPT='${INSTALL}'
INSTALL_STRIP_PROGRAM='$(install_sh) -c -s'
JPEG_INCLUDES=''
JPEG_LIBS=''
LD='/Applications/Xcode.app/Contents/Developer/Toolchains/XcodeDefault.xctoolchain/usr/bin/ld'
LDFLAGS=''
LIBOBJS=''
LIBPNG_CONFIG='/usr/local/bin/libpng-config'
LIBS=' '
LIBSDL_CONFIG=''
LIBTOOL='$(SHELL) $(top_builddir)/libtool'
LIPO='lipo'
LN_S='ln -s'
LTLIBOBJS=''
LT_SYS_LIBRARY_PATH=''
MAKEINFO='${SHELL} '\''/Users/Andrey.Yastrebov/JB/forks/libwebp/missing'\'' makeinfo'
MANIFEST_TOOL=':'
MKDIR_P='./install-sh -c -d'
NEON_FLAGS=''
NM='nm'
NMEDIT='nmedit'
OBJDUMP='objdump'
OBJEXT='o'
OTOOL64=':'
OTOOL='otool'
PACKAGE='libwebp'
PACKAGE_BUGREPORT='https://bugs.chromium.org/p/webp'
PACKAGE_NAME='libwebp'
PACKAGE_STRING='libwebp 1.2.0'
PACKAGE_TARNAME='libwebp'
PACKAGE_URL='http://developers.google.com/speed/webp'
PACKAGE_VERSION='1.2.0'
PATH_SEPARATOR=':'
PNG_INCLUDES=''
PNG_LIBS=''
PTHREAD_CC='clang -arch arm64'
PTHREAD_CFLAGS='-D_THREAD_SAFE -pthread'
PTHREAD_LIBS=''
RANLIB='ranlib'
SDL_INCLUDES=''
SDL_LIBS=''
SED='/usr/bin/sed'
SET_MAKE=''
SHELL='/bin/sh'
SSE2_FLAGS=''
SSE41_FLAGS=''
STRIP='strip'
TIFF_INCLUDES=''
TIFF_LIBS=''
USE_SWAP_16BIT_CSP='-DWEBP_SWAP_16BIT_CSP=1'
VERSION='1.2.0'
ac_ct_AR='ar'
ac_ct_CC=''
ac_ct_DUMPBIN='link -dump'
am__EXEEXT_FALSE=''
am__EXEEXT_TRUE='#'
am__fastdepCC_FALSE='#'
am__fastdepCC_TRUE=''
am__include='include'
am__isrc=''
am__leading_dot='.'
am__nodep='_no'
am__quote=''
am__tar='$${TAR-tar} chof - "$$tardir"'
am__untar='$${TAR-tar} xf -'
ax_pthread_config=''
bindir='${exec_prefix}/bin'
build='x86_64-apple-darwin20.4.0'
build_alias='x86_64-apple-darwin20.4.0'
build_cpu='x86_64'
build_os='darwin20.4.0'
build_vendor='apple'
datadir='${datarootdir}'
datarootdir='${prefix}/share'
docdir='${datarootdir}/doc/${PACKAGE_TARNAME}'
dvidir='${docdir}'
exec_prefix='${prefix}'
host='aarch64-apple-darwin'
host_alias='aarch64-apple-darwin'
host_cpu='aarch64'
host_os='darwin'
host_vendor='apple'
htmldir='${docdir}'
includedir='${prefix}/include'
infodir='${datarootdir}/info'
install_sh='${SHELL} /Users/Andrey.Yastrebov/JB/forks/libwebp/install-sh'
libdir='${exec_prefix}/lib'
libexecdir='${exec_prefix}/libexec'
localedir='${datarootdir}/locale'
localstatedir='${prefix}/var'
mandir='${datarootdir}/man'
mkdir_p='$(MKDIR_P)'
oldincludedir='/usr/include'
pdfdir='${docdir}'
pkgconfigdir='${libdir}/pkgconfig'
prefix='/Users/Andrey.Yastrebov/JB/forks/libwebp/xcframeworkbuild/MacOSX-Catalyst-arm64'
program_transform_name='s,x,x,'
psdir='${docdir}'
sbindir='${exec_prefix}/sbin'
sharedstatedir='${prefix}/com'
sysconfdir='${prefix}/etc'
target_alias=''

## ----------- ##
## confdefs.h. ##
## ----------- ##

/* confdefs.h */
#define PACKAGE_NAME "libwebp"
#define PACKAGE_TARNAME "libwebp"
#define PACKAGE_VERSION "1.2.0"
#define PACKAGE_STRING "libwebp 1.2.0"
#define PACKAGE_BUGREPORT "https://bugs.chromium.org/p/webp"
#define PACKAGE_URL "http://developers.google.com/speed/webp"
#define PACKAGE "libwebp"
#define VERSION "1.2.0"
#define HAVE_SYS_TYPES_H 1
#define HAVE_SYS_STAT_H 1
#define HAVE_STDLIB_H 1
#define HAVE_STRING_H 1
#define HAVE_MEMORY_H 1
#define HAVE_STRINGS_H 1
#define HAVE_INTTYPES_H 1
#define HAVE_STDINT_H 1
#define HAVE_UNISTD_H 1
#define HAVE_DLFCN_H 1
#define LT_OBJDIR ".libs/"
#define HAVE_BUILTIN_BSWAP16 1
#define HAVE_BUILTIN_BSWAP32 1
#define HAVE_BUILTIN_BSWAP64 1
#define HAVE_PTHREAD_PRIO_INHERIT 1
#define WEBP_USE_THREAD 1
#define HAVE_GLUT_GLUT_H 1
#define WEBP_NEAR_LOSSLESS 1

configure: exit 0
